# JRE version: Java(TM) SE Runtime Environment (8.0_202-b08) (build 1.8.0_202-b08)
# Java VM: Java HotSpot(TM) 64-Bit Server VM (25.202-b08 mixed mode windows-amd64 compressed oops)
Heap:
 PSYoungGen      total 75776K, used 1647K [0x00000000eac00000, 0x00000000f1900000, 0x0000000100000000)
  eden space 65536K, 0% used [0x00000000eac00000,0x00000000eac00000,0x00000000eec00000)
  from space 10240K, 16% used [0x00000000eec00000,0x00000000eed9bc58,0x00000000ef600000)
  to   space 10240K, 0% used [0x00000000f0f00000,0x00000000f0f00000,0x00000000f1900000)
 ParOldGen       total 33792K, used 19910K [0x00000000c0400000, 0x00000000c2500000, 0x00000000eac00000)
  object space 33792K, 58% used [0x00000000c0400000,0x00000000c17718e8,0x00000000c2500000)
 Metaspace       used 34019K, capacity 35374K, committed 35416K, reserved 1079296K
  class space    used 4360K, capacity 4711K, committed 4736K, reserved 1048576K
GC Heap History (10 events):
Event: 7.095 GC heap after
Heap after GC invocations=8 (full 1):
 PSYoungGen      total 38912K, used 0K [0x00000000eac00000, 0x00000000ef700000, 0x0000000100000000)
  eden space 32256K, 0% used [0x00000000eac00000,0x00000000eac00000,0x00000000ecb80000)
  from space 6656K, 0% used [0x00000000ecb80000,0x00000000ecb80000,0x00000000ed200000)
  to   space 6144K, 0% used [0x00000000ef100000,0x00000000ef100000,0x00000000ef700000)
 ParOldGen       total 33792K, used 7598K [0x00000000c0400000, 0x00000000c2500000, 0x00000000eac00000)
  object space 33792K, 22% used [0x00000000c0400000,0x00000000c0b6ba18,0x00000000c2500000)
 Metaspace       used 20566K, capacity 21132K, committed 21248K, reserved 1067008K
  class space    used 2527K, capacity 2732K, committed 2816K, reserved 1048576K
}
Event: 8.796 GC heap before
{Heap before GC invocations=9 (full 1):
 PSYoungGen      total 38912K, used 32256K [0x00000000eac00000, 0x00000000ef700000, 0x0000000100000000)
  eden space 32256K, 100% used [0x00000000eac00000,0x00000000ecb80000,0x00000000ecb80000)
  from space 6656K, 0% used [0x00000000ecb80000,0x00000000ecb80000,0x00000000ed200000)
  to   space 6144K, 0% used [0x00000000ef100000,0x00000000ef100000,0x00000000ef700000)
 ParOldGen       total 33792K, used 7598K [0x00000000c0400000, 0x00000000c2500000, 0x00000000eac00000)
  object space 33792K, 22% used [0x00000000c0400000,0x00000000c0b6ba18,0x00000000c2500000)
 Metaspace       used 25380K, capacity 26432K, committed 26624K, reserved 1073152K
  class space    used 3221K, capacity 3492K, committed 3584K, reserved 1048576K
Event: 8.806 GC heap after
Heap after GC invocations=9 (full 1):
 PSYoungGen      total 55808K, used 4591K [0x00000000eac00000, 0x00000000ef580000, 0x0000000100000000)
  eden space 51200K, 0% used [0x00000000eac00000,0x00000000eac00000,0x00000000ede00000)
  from space 4608K, 99% used [0x00000000ef100000,0x00000000ef57bf88,0x00000000ef580000)
  to   space 6144K, 0% used [0x00000000ee980000,0x00000000ee980000,0x00000000eef80000)
 ParOldGen       total 33792K, used 7606K [0x00000000c0400000, 0x00000000c2500000, 0x00000000eac00000)
  object space 33792K, 22% used [0x00000000c0400000,0x00000000c0b6da18,0x00000000c2500000)
 Metaspace       used 25380K, capacity 26432K, committed 26624K, reserved 1073152K
  class space    used 3221K, capacity 3492K, committed 3584K, reserved 1048576K
}
Event: 19.736 GC heap before
{Heap before GC invocations=10 (full 1):
 PSYoungGen      total 55808K, used 55791K [0x00000000eac00000, 0x00000000ef580000, 0x0000000100000000)
  eden space 51200K, 100% used [0x00000000eac00000,0x00000000ede00000,0x00000000ede00000)
  from space 4608K, 99% used [0x00000000ef100000,0x00000000ef57bf88,0x00000000ef580000)
  to   space 6144K, 0% used [0x00000000ee980000,0x00000000ee980000,0x00000000eef80000)
 ParOldGen       total 33792K, used 7606K [0x00000000c0400000, 0x00000000c2500000, 0x00000000eac00000)
  object space 33792K, 22% used [0x00000000c0400000,0x00000000c0b6da18,0x00000000c2500000)
 Metaspace       used 30637K, capacity 31938K, committed 32128K, reserved 1077248K
  class space    used 3899K, capacity 4193K, committed 4224K, reserved 1048576K
Event: 19.752 GC heap after
Heap after GC invocations=10 (full 1):
 PSYoungGen      total 69120K, used 6116K [0x00000000eac00000, 0x00000000efe80000, 0x0000000100000000)
  eden space 62976K, 0% used [0x00000000eac00000,0x00000000eac00000,0x00000000ee980000)
  from space 6144K, 99% used [0x00000000ee980000,0x00000000eef79070,0x00000000eef80000)
  to   space 8704K, 0% used [0x00000000ef600000,0x00000000ef600000,0x00000000efe80000)
 ParOldGen       total 33792K, used 12117K [0x00000000c0400000, 0x00000000c2500000, 0x00000000eac00000)
  object space 33792K, 35% used [0x00000000c0400000,0x00000000c0fd57b8,0x00000000c2500000)
 Metaspace       used 30637K, capacity 31938K, committed 32128K, reserved 1077248K
  class space    used 3899K, capacity 4193K, committed 4224K, reserved 1048576K
}
Event: 20.802 GC heap before
{Heap before GC invocations=11 (full 1):
 PSYoungGen      total 69120K, used 69092K [0x00000000eac00000, 0x00000000efe80000, 0x0000000100000000)
  eden space 62976K, 100% used [0x00000000eac00000,0x00000000ee980000,0x00000000ee980000)
  from space 6144K, 99% used [0x00000000ee980000,0x00000000eef79070,0x00000000eef80000)
  to   space 8704K, 0% used [0x00000000ef600000,0x00000000ef600000,0x00000000efe80000)
 ParOldGen       total 33792K, used 12117K [0x00000000c0400000, 0x00000000c2500000, 0x00000000eac00000)
  object space 33792K, 35% used [0x00000000c0400000,0x00000000c0fd57b8,0x00000000c2500000)
 Metaspace       used 32956K, capacity 34348K, committed 34560K, reserved 1079296K
  class space    used 4212K, capacity 4542K, committed 4608K, reserved 1048576K
Event: 20.823 GC heap after
Heap after GC invocations=11 (full 1):
 PSYoungGen      total 74240K, used 8682K [0x00000000eac00000, 0x00000000f1200000, 0x0000000100000000)
  eden space 65536K, 0% used [0x00000000eac00000,0x00000000eac00000,0x00000000eec00000)
  from space 8704K, 99% used [0x00000000ef600000,0x00000000efe7ab40,0x00000000efe80000)
  to   space 10240K, 0% used [0x00000000eec00000,0x00000000eec00000,0x00000000ef600000)
 ParOldGen       total 33792K, used 13250K [0x00000000c0400000, 0x00000000c2500000, 0x00000000eac00000)
  object space 33792K, 39% used [0x00000000c0400000,0x00000000c10f0828,0x00000000c2500000)
 Metaspace       used 32956K, capacity 34348K, committed 34560K, reserved 1079296K
  class space    used 4212K, capacity 4542K, committed 4608K, reserved 1048576K
}
Event: 21.205 GC heap before
{Heap before GC invocations=12 (full 1):
 PSYoungGen      total 74240K, used 20772K [0x00000000eac00000, 0x00000000f1200000, 0x0000000100000000)
  eden space 65536K, 18% used [0x00000000eac00000,0x00000000eb7ce568,0x00000000eec00000)
  from space 8704K, 99% used [0x00000000ef600000,0x00000000efe7ab40,0x00000000efe80000)
  to   space 10240K, 0% used [0x00000000eec00000,0x00000000eec00000,0x00000000ef600000)
 ParOldGen       total 33792K, used 13250K [0x00000000c0400000, 0x00000000c2500000, 0x00000000eac00000)
  object space 33792K, 39% used [0x00000000c0400000,0x00000000c10f0828,0x00000000c2500000)
 Metaspace       used 34019K, capacity 35374K, committed 35416K, reserved 1079296K
  class space    used 4360K, capacity 4711K, committed 4736K, reserved 1048576K
Event: 21.222 GC heap after
Heap after GC invocations=12 (full 1):
 PSYoungGen      total 75776K, used 1647K [0x00000000eac00000, 0x00000000f1900000, 0x0000000100000000)
  eden space 65536K, 0% used [0x00000000eac00000,0x00000000eac00000,0x00000000eec00000)
  from space 10240K, 16% used [0x00000000eec00000,0x00000000eed9bc58,0x00000000ef600000)
  to   space 10240K, 0% used [0x00000000f0f00000,0x00000000f0f00000,0x00000000f1900000)
 ParOldGen       total 33792K, used 19910K [0x00000000c0400000, 0x00000000c2500000, 0x00000000eac00000)
  object space 33792K, 58% used [0x00000000c0400000,0x00000000c17718e8,0x00000000c2500000)
 Metaspace       used 34019K, capacity 35374K, committed 35416K, reserved 1079296K
  class space    used 4360K, capacity 4711K, committed 4736K, reserved 1048576K
}
Event: 21.222 GC heap before
{Heap before GC invocations=13 (full 2):
 PSYoungGen      total 75776K, used 1647K [0x00000000eac00000, 0x00000000f1900000, 0x0000000100000000)
  eden space 65536K, 0% used [0x00000000eac00000,0x00000000eac00000,0x00000000eec00000)
  from space 10240K, 16% used [0x00000000eec00000,0x00000000eed9bc58,0x00000000ef600000)
  to   space 10240K, 0% used [0x00000000f0f00000,0x00000000f0f00000,0x00000000f1900000)
 ParOldGen       total 33792K, used 19910K [0x00000000c0400000, 0x00000000c2500000, 0x00000000eac00000)
  object space 33792K, 58% used [0x00000000c0400000,0x00000000c17718e8,0x00000000c2500000)
 Metaspace       used 34019K, capacity 35374K, committed 35416K, reserved 1079296K
  class space    used 4360K, capacity 4711K, committed 4736K, reserved 1048576K

