# JRE version: Java(TM) SE Runtime Environment (8.0_202-b08) (build 1.8.0_202-b08)
# Java VM: Java HotSpot(TM) 64-Bit Server VM (25.202-b08 mixed mode windows-amd64 compressed oops)
Heap:
 PSYoungGen      total 72704K, used 15165K [0x00000000eac00000, 0x00000000efa00000, 0x0000000100000000)
  eden space 65536K, 12% used [0x00000000eac00000,0x00000000eb3d5ea8,0x00000000eec00000)
  from space 7168K, 99% used [0x00000000eec00000,0x00000000ef2f9948,0x00000000ef300000)
  to   space 6656K, 0% used [0x00000000ef380000,0x00000000ef380000,0x00000000efa00000)
 ParOldGen       total 38912K, used 14794K [0x00000000c0400000, 0x00000000c2a00000, 0x00000000eac00000)
  object space 38912K, 38% used [0x00000000c0400000,0x00000000c1272978,0x00000000c2a00000)
 Metaspace       used 29401K, capacity 30652K, committed 30720K, reserved 1075200K
  class space    used 3761K, capacity 4038K, committed 4096K, reserved 1048576K
GC Heap History (10 events):
Event: 4.769 GC heap before
{Heap before GC invocations=4 (full 0):
 PSYoungGen      total 18944K, used 18912K [0x00000000eac00000, 0x00000000ed100000, 0x0000000100000000)
  eden space 16384K, 100% used [0x00000000eac00000,0x00000000ebc00000,0x00000000ebc00000)
  from space 2560K, 98% used [0x00000000ebc00000,0x00000000ebe78020,0x00000000ebe80000)
  to   space 2560K, 0% used [0x00000000ece80000,0x00000000ece80000,0x00000000ed100000)
 ParOldGen       total 44032K, used 2439K [0x00000000c0400000, 0x00000000c2f00000, 0x00000000eac00000)
  object space 44032K, 5% used [0x00000000c0400000,0x00000000c0661fc0,0x00000000c2f00000)
 Metaspace       used 14935K, capacity 15334K, committed 15488K, reserved 1062912K
  class space    used 1787K, capacity 1905K, committed 1920K, reserved 1048576K
Event: 4.781 GC heap after
Heap after GC invocations=4 (full 0):
 PSYoungGen      total 35328K, used 2528K [0x00000000eac00000, 0x00000000ed100000, 0x0000000100000000)
  eden space 32768K, 0% used [0x00000000eac00000,0x00000000eac00000,0x00000000ecc00000)
  from space 2560K, 98% used [0x00000000ece80000,0x00000000ed0f8020,0x00000000ed100000)
  to   space 2560K, 0% used [0x00000000ecc00000,0x00000000ecc00000,0x00000000ece80000)
 ParOldGen       total 44032K, used 4854K [0x00000000c0400000, 0x00000000c2f00000, 0x00000000eac00000)
  object space 44032K, 11% used [0x00000000c0400000,0x00000000c08bdab8,0x00000000c2f00000)
 Metaspace       used 14935K, capacity 15334K, committed 15488K, reserved 1062912K
  class space    used 1787K, capacity 1905K, committed 1920K, reserved 1048576K
}
Event: 6.758 GC heap before
{Heap before GC invocations=5 (full 0):
 PSYoungGen      total 35328K, used 35296K [0x00000000eac00000, 0x00000000ed100000, 0x0000000100000000)
  eden space 32768K, 100% used [0x00000000eac00000,0x00000000ecc00000,0x00000000ecc00000)
  from space 2560K, 98% used [0x00000000ece80000,0x00000000ed0f8020,0x00000000ed100000)
  to   space 2560K, 0% used [0x00000000ecc00000,0x00000000ecc00000,0x00000000ece80000)
 ParOldGen       total 44032K, used 4854K [0x00000000c0400000, 0x00000000c2f00000, 0x00000000eac00000)
  object space 44032K, 11% used [0x00000000c0400000,0x00000000c08bdab8,0x00000000c2f00000)
 Metaspace       used 19201K, capacity 19696K, committed 19968K, reserved 1067008K
  class space    used 2318K, capacity 2492K, committed 2560K, reserved 1048576K
Event: 6.781 GC heap after
Heap after GC invocations=5 (full 0):
 PSYoungGen      total 35328K, used 2544K [0x00000000eac00000, 0x00000000efb00000, 0x0000000100000000)
  eden space 32768K, 0% used [0x00000000eac00000,0x00000000eac00000,0x00000000ecc00000)
  from space 2560K, 99% used [0x00000000ecc00000,0x00000000ece7c040,0x00000000ece80000)
  to   space 7680K, 0% used [0x00000000ef380000,0x00000000ef380000,0x00000000efb00000)
 ParOldGen       total 44032K, used 10028K [0x00000000c0400000, 0x00000000c2f00000, 0x00000000eac00000)
  object space 44032K, 22% used [0x00000000c0400000,0x00000000c0dcb2c8,0x00000000c2f00000)
 Metaspace       used 19201K, capacity 19696K, committed 19968K, reserved 1067008K
  class space    used 2318K, capacity 2492K, committed 2560K, reserved 1048576K
}
Event: 7.179 GC heap before
{Heap before GC invocations=6 (full 0):
 PSYoungGen      total 35328K, used 15250K [0x00000000eac00000, 0x00000000efb00000, 0x0000000100000000)
  eden space 32768K, 38% used [0x00000000eac00000,0x00000000eb868818,0x00000000ecc00000)
  from space 2560K, 99% used [0x00000000ecc00000,0x00000000ece7c040,0x00000000ece80000)
  to   space 7680K, 0% used [0x00000000ef380000,0x00000000ef380000,0x00000000efb00000)
 ParOldGen       total 44032K, used 10028K [0x00000000c0400000, 0x00000000c2f00000, 0x00000000eac00000)
  object space 44032K, 22% used [0x00000000c0400000,0x00000000c0dcb2c8,0x00000000c2f00000)
 Metaspace       used 20581K, capacity 21132K, committed 21248K, reserved 1067008K
  class space    used 2526K, capacity 2732K, committed 2816K, reserved 1048576K
Event: 7.191 GC heap after
Heap after GC invocations=6 (full 0):
 PSYoungGen      total 72192K, used 4197K [0x00000000eac00000, 0x00000000efa00000, 0x0000000100000000)
  eden space 65536K, 0% used [0x00000000eac00000,0x00000000eac00000,0x00000000eec00000)
  from space 6656K, 63% used [0x00000000ef380000,0x00000000ef799610,0x00000000efa00000)
  to   space 7168K, 0% used [0x00000000eec00000,0x00000000eec00000,0x00000000ef300000)
 ParOldGen       total 44032K, used 10036K [0x00000000c0400000, 0x00000000c2f00000, 0x00000000eac00000)
  object space 44032K, 22% used [0x00000000c0400000,0x00000000c0dcd2c8,0x00000000c2f00000)
 Metaspace       used 20581K, capacity 21132K, committed 21248K, reserved 1067008K
  class space    used 2526K, capacity 2732K, committed 2816K, reserved 1048576K
}
Event: 7.192 GC heap before
{Heap before GC invocations=7 (full 1):
 PSYoungGen      total 72192K, used 4197K [0x00000000eac00000, 0x00000000efa00000, 0x0000000100000000)
  eden space 65536K, 0% used [0x00000000eac00000,0x00000000eac00000,0x00000000eec00000)
  from space 6656K, 63% used [0x00000000ef380000,0x00000000ef799610,0x00000000efa00000)
  to   space 7168K, 0% used [0x00000000eec00000,0x00000000eec00000,0x00000000ef300000)
 ParOldGen       total 44032K, used 10036K [0x00000000c0400000, 0x00000000c2f00000, 0x00000000eac00000)
  object space 44032K, 22% used [0x00000000c0400000,0x00000000c0dcd2c8,0x00000000c2f00000)
 Metaspace       used 20581K, capacity 21132K, committed 21248K, reserved 1067008K
  class space    used 2526K, capacity 2732K, committed 2816K, reserved 1048576K
Event: 7.292 GC heap after
Heap after GC invocations=7 (full 1):
 PSYoungGen      total 72192K, used 0K [0x00000000eac00000, 0x00000000efa00000, 0x0000000100000000)
  eden space 65536K, 0% used [0x00000000eac00000,0x00000000eac00000,0x00000000eec00000)
  from space 6656K, 0% used [0x00000000ef380000,0x00000000ef380000,0x00000000efa00000)
  to   space 7168K, 0% used [0x00000000eec00000,0x00000000eec00000,0x00000000ef300000)
 ParOldGen       total 38912K, used 9810K [0x00000000c0400000, 0x00000000c2a00000, 0x00000000eac00000)
  object space 38912K, 25% used [0x00000000c0400000,0x00000000c0d94be0,0x00000000c2a00000)
 Metaspace       used 20581K, capacity 21132K, committed 21248K, reserved 1067008K
  class space    used 2526K, capacity 2732K, committed 2816K, reserved 1048576K
}
Event: 15.014 GC heap before
{Heap before GC invocations=8 (full 1):
 PSYoungGen      total 72192K, used 65536K [0x00000000eac00000, 0x00000000efa00000, 0x0000000100000000)
  eden space 65536K, 100% used [0x00000000eac00000,0x00000000eec00000,0x00000000eec00000)
  from space 6656K, 0% used [0x00000000ef380000,0x00000000ef380000,0x00000000efa00000)
  to   space 7168K, 0% used [0x00000000eec00000,0x00000000eec00000,0x00000000ef300000)
 ParOldGen       total 38912K, used 9810K [0x00000000c0400000, 0x00000000c2a00000, 0x00000000eac00000)
  object space 38912K, 25% used [0x00000000c0400000,0x00000000c0d94bf8,0x00000000c2a00000)
 Metaspace       used 28565K, capacity 29820K, committed 29952K, reserved 1075200K
  class space    used 3690K, capacity 3974K, committed 4096K, reserved 1048576K
Event: 15.040 GC heap after
Heap after GC invocations=8 (full 1):
 PSYoungGen      total 72704K, used 7142K [0x00000000eac00000, 0x00000000efa00000, 0x0000000100000000)
  eden space 65536K, 0% used [0x00000000eac00000,0x00000000eac00000,0x00000000eec00000)
  from space 7168K, 99% used [0x00000000eec00000,0x00000000ef2f9948,0x00000000ef300000)
  to   space 6656K, 0% used [0x00000000ef380000,0x00000000ef380000,0x00000000efa00000)
 ParOldGen       total 38912K, used 14794K [0x00000000c0400000, 0x00000000c2a00000, 0x00000000eac00000)
  object space 38912K, 38% used [0x00000000c0400000,0x00000000c1272978,0x00000000c2a00000)
 Metaspace       used 28565K, capacity 29820K, committed 29952K, reserved 1075200K
  class space    used 3690K, capacity 3974K, committed 4096K, reserved 1048576K
}

