<?xml version="1.0" encoding="UTF-8"?>
<!-- Generated by org.testng.reporters.JUnitXMLReporter -->
<testsuite hostname="DESKTOP-663MT7H" ignored="0" name="ChromeTest" tests="4" failures="0" timestamp="2023-04-27T19:02:05 IST" time="38.592" errors="0">
  <testcase name="verifyLoginpagewithInValidUsernameAndPassword" time="3.15" classname="com.obsqura.Testscripts.LoginTest"/>
  <testcase name="verifyLoginwithValidUseranmeAndPassword" time="2.62" classname="com.obsqura.Testscripts.LoginTest"/>
  <testcase name="verifyloginwithInvalidUserName" time="0.948" classname="com.obsqura.Testscripts.LoginTest"/>
  <testcase name="verifyloginwithInvalidUserName" time="1.011" classname="com.obsqura.Testscripts.LoginTest"/>
</testsuite> <!-- ChromeTest -->
