<?xml version="1.0" encoding="UTF-8"?>
<!-- Generated by org.testng.reporters.JUnitXMLReporter -->
<testsuite hostname="DESKTOP-663MT7H" ignored="0" name="FireFoxTest" tests="4" failures="0" timestamp="2023-04-27T19:03:36 IST" time="45.808" errors="0">
  <testcase name="verifyLoginpagewithInValidUsernameAndPassword" time="1.275" classname="com.obsqura.Testscripts.LoginTest"/>
  <testcase name="verifyLoginwithValidUseranmeAndPassword" time="2.12" classname="com.obsqura.Testscripts.LoginTest"/>
  <testcase name="verifyloginwithInvalidUserName" time="0.686" classname="com.obsqura.Testscripts.LoginTest"/>
  <testcase name="verifyloginwithInvalidUserName" time="0.814" classname="com.obsqura.Testscripts.LoginTest"/>
</testsuite> <!-- FireFoxTest -->
