<?xml version="1.0" encoding="UTF-8"?>
<!-- Generated by org.testng.reporters.JUnitXMLReporter -->
<testsuite hostname="DESKTOP-663MT7H" ignored="0" name="FirefoxBrowsing" tests="8" failures="0" timestamp="2023-04-17T13:32:10 IST" time="160.685" errors="0">
  <testcase name="@BeforeMethod initilizeBrowser" time="20.083" classname="com.obsqura.Testscripts.Base">
    <failure type="org.openqa.selenium.SessionNotCreatedException" message="Could not start a new session. Possible causes are invalid address of the remote server or browser start-up failure. 
Host info: host: &amp;apos;DESKTOP-663MT7H&amp;apos;, ip: &amp;apos;192.168.21.190&amp;apos;">
      <![CDATA[org.openqa.selenium.SessionNotCreatedException: Could not start a new session. Possible causes are invalid address of the remote server or browser start-up failure. 
Host info: host: 'DESKTOP-663MT7H', ip: '192.168.21.190'
at org.openqa.selenium.remote.RemoteWebDriver.execute(RemoteWebDriver.java:553)
at org.openqa.selenium.remote.RemoteWebDriver.startSession(RemoteWebDriver.java:228)
at org.openqa.selenium.remote.RemoteWebDriver.<init>(RemoteWebDriver.java:156)
at org.openqa.selenium.firefox.FirefoxDriver.<init>(FirefoxDriver.java:130)
at org.openqa.selenium.firefox.FirefoxDriver.<init>(FirefoxDriver.java:111)
at org.openqa.selenium.firefox.FirefoxDriver.<init>(FirefoxDriver.java:101)
at com.obsqura.Testscripts.Base.initilizeBrowser(Base.java:74)
at java.util.ArrayList.forEach(ArrayList.java:1257)
at java.util.concurrent.FutureTask.run(FutureTask.java:266)
at java.util.concurrent.ThreadPoolExecutor.runWorker(ThreadPoolExecutor.java:1149)
at java.util.concurrent.ThreadPoolExecutor$Worker.run(ThreadPoolExecutor.java:624)
at java.lang.Thread.run(Thread.java:748)
Caused by: org.openqa.selenium.WebDriverException: Timed out waiting for driver process to start.
Build info: version: '4.7.2', revision: '4d4020c3b7'
System info: os.name: 'Windows 10', os.arch: 'amd64', os.version: '10.0', java.version: '1.8.0_202'
Driver info: driver.version: FirefoxDriver
at org.openqa.selenium.remote.service.DriverService.start(DriverService.java:218)
at org.openqa.selenium.remote.service.DriverCommandExecutor.execute(DriverCommandExecutor.java:98)
at org.openqa.selenium.remote.RemoteWebDriver.execute(RemoteWebDriver.java:535)
... 33 more
... Removed 22 stack frames]]>
    </failure>
  </testcase> <!-- @BeforeMethod initilizeBrowser -->
  <testcase name="@AfterMethod browserQuit" time="0.001" classname="com.obsqura.Testscripts.Base">
    <failure type="java.lang.NullPointerException">
      <![CDATA[java.lang.NullPointerException
at com.obsqura.Testscripts.Base.browserQuit(Base.java:108)
at java.util.ArrayList.forEach(ArrayList.java:1257)
at java.util.concurrent.FutureTask.run(FutureTask.java:266)
at java.util.concurrent.ThreadPoolExecutor.runWorker(ThreadPoolExecutor.java:1149)
at java.util.concurrent.ThreadPoolExecutor$Worker.run(ThreadPoolExecutor.java:624)
at java.lang.Thread.run(Thread.java:748)
... Removed 23 stack frames]]>
    </failure>
  </testcase> <!-- @AfterMethod browserQuit -->
  <testcase name="@BeforeMethod initilizeBrowser" time="20.01" classname="com.obsqura.Testscripts.Base">
    <failure type="org.openqa.selenium.SessionNotCreatedException" message="Could not start a new session. Possible causes are invalid address of the remote server or browser start-up failure. 
Host info: host: &amp;apos;DESKTOP-663MT7H&amp;apos;, ip: &amp;apos;192.168.21.190&amp;apos;">
      <![CDATA[org.openqa.selenium.SessionNotCreatedException: Could not start a new session. Possible causes are invalid address of the remote server or browser start-up failure. 
Host info: host: 'DESKTOP-663MT7H', ip: '192.168.21.190'
at org.openqa.selenium.remote.RemoteWebDriver.execute(RemoteWebDriver.java:553)
at org.openqa.selenium.remote.RemoteWebDriver.startSession(RemoteWebDriver.java:228)
at org.openqa.selenium.remote.RemoteWebDriver.<init>(RemoteWebDriver.java:156)
at org.openqa.selenium.firefox.FirefoxDriver.<init>(FirefoxDriver.java:130)
at org.openqa.selenium.firefox.FirefoxDriver.<init>(FirefoxDriver.java:111)
at org.openqa.selenium.firefox.FirefoxDriver.<init>(FirefoxDriver.java:101)
at com.obsqura.Testscripts.Base.initilizeBrowser(Base.java:74)
at java.util.ArrayList.forEach(ArrayList.java:1257)
at java.util.concurrent.FutureTask.run(FutureTask.java:266)
at java.util.concurrent.ThreadPoolExecutor.runWorker(ThreadPoolExecutor.java:1149)
at java.util.concurrent.ThreadPoolExecutor$Worker.run(ThreadPoolExecutor.java:624)
at java.lang.Thread.run(Thread.java:748)
Caused by: org.openqa.selenium.WebDriverException: Timed out waiting for driver process to start.
Build info: version: '4.7.2', revision: '4d4020c3b7'
System info: os.name: 'Windows 10', os.arch: 'amd64', os.version: '10.0', java.version: '1.8.0_202'
Driver info: driver.version: FirefoxDriver
at org.openqa.selenium.remote.service.DriverService.start(DriverService.java:218)
at org.openqa.selenium.remote.service.DriverCommandExecutor.execute(DriverCommandExecutor.java:98)
at org.openqa.selenium.remote.RemoteWebDriver.execute(RemoteWebDriver.java:535)
... 33 more
... Removed 22 stack frames]]>
    </failure>
  </testcase> <!-- @BeforeMethod initilizeBrowser -->
  <testcase name="@AfterMethod browserQuit" time="0.002" classname="com.obsqura.Testscripts.Base">
    <failure type="java.lang.NullPointerException">
      <![CDATA[java.lang.NullPointerException
at com.obsqura.Testscripts.Base.browserQuit(Base.java:108)
at java.util.ArrayList.forEach(ArrayList.java:1257)
at java.util.concurrent.FutureTask.run(FutureTask.java:266)
at java.util.concurrent.ThreadPoolExecutor.runWorker(ThreadPoolExecutor.java:1149)
at java.util.concurrent.ThreadPoolExecutor$Worker.run(ThreadPoolExecutor.java:624)
at java.lang.Thread.run(Thread.java:748)
... Removed 22 stack frames]]>
    </failure>
  </testcase> <!-- @AfterMethod browserQuit -->
  <testcase name="@BeforeMethod initilizeBrowser" time="20.054" classname="com.obsqura.Testscripts.Base">
    <failure type="org.openqa.selenium.SessionNotCreatedException" message="Could not start a new session. Possible causes are invalid address of the remote server or browser start-up failure. 
Host info: host: &amp;apos;DESKTOP-663MT7H&amp;apos;, ip: &amp;apos;192.168.21.190&amp;apos;">
      <![CDATA[org.openqa.selenium.SessionNotCreatedException: Could not start a new session. Possible causes are invalid address of the remote server or browser start-up failure. 
Host info: host: 'DESKTOP-663MT7H', ip: '192.168.21.190'
at org.openqa.selenium.remote.RemoteWebDriver.execute(RemoteWebDriver.java:553)
at org.openqa.selenium.remote.RemoteWebDriver.startSession(RemoteWebDriver.java:228)
at org.openqa.selenium.remote.RemoteWebDriver.<init>(RemoteWebDriver.java:156)
at org.openqa.selenium.firefox.FirefoxDriver.<init>(FirefoxDriver.java:130)
at org.openqa.selenium.firefox.FirefoxDriver.<init>(FirefoxDriver.java:111)
at org.openqa.selenium.firefox.FirefoxDriver.<init>(FirefoxDriver.java:101)
at com.obsqura.Testscripts.Base.initilizeBrowser(Base.java:74)
at java.util.ArrayList.forEach(ArrayList.java:1257)
at java.util.concurrent.FutureTask.run(FutureTask.java:266)
at java.util.concurrent.ThreadPoolExecutor.runWorker(ThreadPoolExecutor.java:1149)
at java.util.concurrent.ThreadPoolExecutor$Worker.run(ThreadPoolExecutor.java:624)
at java.lang.Thread.run(Thread.java:748)
Caused by: org.openqa.selenium.WebDriverException: Timed out waiting for driver process to start.
Build info: version: '4.7.2', revision: '4d4020c3b7'
System info: os.name: 'Windows 10', os.arch: 'amd64', os.version: '10.0', java.version: '1.8.0_202'
Driver info: driver.version: FirefoxDriver
at org.openqa.selenium.remote.service.DriverService.start(DriverService.java:218)
at org.openqa.selenium.remote.service.DriverCommandExecutor.execute(DriverCommandExecutor.java:98)
at org.openqa.selenium.remote.RemoteWebDriver.execute(RemoteWebDriver.java:535)
... 33 more
... Removed 22 stack frames]]>
    </failure>
  </testcase> <!-- @BeforeMethod initilizeBrowser -->
  <testcase name="@AfterMethod browserQuit" time="0.002" classname="com.obsqura.Testscripts.Base">
    <failure type="java.lang.NullPointerException">
      <![CDATA[java.lang.NullPointerException
at com.obsqura.Testscripts.Base.browserQuit(Base.java:108)
at java.util.ArrayList.forEach(ArrayList.java:1257)
at java.util.concurrent.FutureTask.run(FutureTask.java:266)
at java.util.concurrent.ThreadPoolExecutor.runWorker(ThreadPoolExecutor.java:1149)
at java.util.concurrent.ThreadPoolExecutor$Worker.run(ThreadPoolExecutor.java:624)
at java.lang.Thread.run(Thread.java:748)
... Removed 22 stack frames]]>
    </failure>
  </testcase> <!-- @AfterMethod browserQuit -->
  <testcase name="@BeforeMethod initilizeBrowser" time="20.07" classname="com.obsqura.Testscripts.Base">
    <failure type="org.openqa.selenium.SessionNotCreatedException" message="Could not start a new session. Possible causes are invalid address of the remote server or browser start-up failure. 
Host info: host: &amp;apos;DESKTOP-663MT7H&amp;apos;, ip: &amp;apos;192.168.21.190&amp;apos;">
      <![CDATA[org.openqa.selenium.SessionNotCreatedException: Could not start a new session. Possible causes are invalid address of the remote server or browser start-up failure. 
Host info: host: 'DESKTOP-663MT7H', ip: '192.168.21.190'
at org.openqa.selenium.remote.RemoteWebDriver.execute(RemoteWebDriver.java:553)
at org.openqa.selenium.remote.RemoteWebDriver.startSession(RemoteWebDriver.java:228)
at org.openqa.selenium.remote.RemoteWebDriver.<init>(RemoteWebDriver.java:156)
at org.openqa.selenium.firefox.FirefoxDriver.<init>(FirefoxDriver.java:130)
at org.openqa.selenium.firefox.FirefoxDriver.<init>(FirefoxDriver.java:111)
at org.openqa.selenium.firefox.FirefoxDriver.<init>(FirefoxDriver.java:101)
at com.obsqura.Testscripts.Base.initilizeBrowser(Base.java:74)
at java.util.ArrayList.forEach(ArrayList.java:1257)
at java.util.concurrent.FutureTask.run(FutureTask.java:266)
at java.util.concurrent.ThreadPoolExecutor.runWorker(ThreadPoolExecutor.java:1149)
at java.util.concurrent.ThreadPoolExecutor$Worker.run(ThreadPoolExecutor.java:624)
at java.lang.Thread.run(Thread.java:748)
Caused by: org.openqa.selenium.WebDriverException: Timed out waiting for driver process to start.
Build info: version: '4.7.2', revision: '4d4020c3b7'
System info: os.name: 'Windows 10', os.arch: 'amd64', os.version: '10.0', java.version: '1.8.0_202'
Driver info: driver.version: FirefoxDriver
at org.openqa.selenium.remote.service.DriverService.start(DriverService.java:218)
at org.openqa.selenium.remote.service.DriverCommandExecutor.execute(DriverCommandExecutor.java:98)
at org.openqa.selenium.remote.RemoteWebDriver.execute(RemoteWebDriver.java:535)
... 33 more
... Removed 22 stack frames]]>
    </failure>
  </testcase> <!-- @BeforeMethod initilizeBrowser -->
  <testcase name="@AfterMethod browserQuit" time="0.001" classname="com.obsqura.Testscripts.Base">
    <failure type="java.lang.NullPointerException">
      <![CDATA[java.lang.NullPointerException
at com.obsqura.Testscripts.Base.browserQuit(Base.java:108)
at java.util.ArrayList.forEach(ArrayList.java:1257)
at java.util.concurrent.FutureTask.run(FutureTask.java:266)
at java.util.concurrent.ThreadPoolExecutor.runWorker(ThreadPoolExecutor.java:1149)
at java.util.concurrent.ThreadPoolExecutor$Worker.run(ThreadPoolExecutor.java:624)
at java.lang.Thread.run(Thread.java:748)
... Removed 22 stack frames]]>
    </failure>
  </testcase> <!-- @AfterMethod browserQuit -->
  <testcase name="@BeforeMethod initilizeBrowser" time="20.078" classname="com.obsqura.Testscripts.Base">
    <failure type="org.openqa.selenium.SessionNotCreatedException" message="Could not start a new session. Possible causes are invalid address of the remote server or browser start-up failure. 
Host info: host: &amp;apos;DESKTOP-663MT7H&amp;apos;, ip: &amp;apos;192.168.21.190&amp;apos;">
      <![CDATA[org.openqa.selenium.SessionNotCreatedException: Could not start a new session. Possible causes are invalid address of the remote server or browser start-up failure. 
Host info: host: 'DESKTOP-663MT7H', ip: '192.168.21.190'
at org.openqa.selenium.remote.RemoteWebDriver.execute(RemoteWebDriver.java:553)
at org.openqa.selenium.remote.RemoteWebDriver.startSession(RemoteWebDriver.java:228)
at org.openqa.selenium.remote.RemoteWebDriver.<init>(RemoteWebDriver.java:156)
at org.openqa.selenium.firefox.FirefoxDriver.<init>(FirefoxDriver.java:130)
at org.openqa.selenium.firefox.FirefoxDriver.<init>(FirefoxDriver.java:111)
at org.openqa.selenium.firefox.FirefoxDriver.<init>(FirefoxDriver.java:101)
at com.obsqura.Testscripts.Base.initilizeBrowser(Base.java:74)
at java.util.ArrayList.forEach(ArrayList.java:1257)
at java.util.concurrent.FutureTask.run(FutureTask.java:266)
at java.util.concurrent.ThreadPoolExecutor.runWorker(ThreadPoolExecutor.java:1149)
at java.util.concurrent.ThreadPoolExecutor$Worker.run(ThreadPoolExecutor.java:624)
at java.lang.Thread.run(Thread.java:748)
Caused by: org.openqa.selenium.WebDriverException: Timed out waiting for driver process to start.
Build info: version: '4.7.2', revision: '4d4020c3b7'
System info: os.name: 'Windows 10', os.arch: 'amd64', os.version: '10.0', java.version: '1.8.0_202'
Driver info: driver.version: FirefoxDriver
at org.openqa.selenium.remote.service.DriverService.start(DriverService.java:218)
at org.openqa.selenium.remote.service.DriverCommandExecutor.execute(DriverCommandExecutor.java:98)
at org.openqa.selenium.remote.RemoteWebDriver.execute(RemoteWebDriver.java:535)
... 32 more
... Removed 21 stack frames]]>
    </failure>
  </testcase> <!-- @BeforeMethod initilizeBrowser -->
  <testcase name="@AfterMethod browserQuit" time="0.001" classname="com.obsqura.Testscripts.Base">
    <failure type="java.lang.NullPointerException">
      <![CDATA[java.lang.NullPointerException
at com.obsqura.Testscripts.Base.browserQuit(Base.java:108)
at java.util.ArrayList.forEach(ArrayList.java:1257)
at java.util.concurrent.FutureTask.run(FutureTask.java:266)
at java.util.concurrent.ThreadPoolExecutor.runWorker(ThreadPoolExecutor.java:1149)
at java.util.concurrent.ThreadPoolExecutor$Worker.run(ThreadPoolExecutor.java:624)
at java.lang.Thread.run(Thread.java:748)
... Removed 22 stack frames]]>
    </failure>
  </testcase> <!-- @AfterMethod browserQuit -->
  <testcase name="@BeforeMethod initilizeBrowser" time="20.046" classname="com.obsqura.Testscripts.Base">
    <failure type="org.openqa.selenium.SessionNotCreatedException" message="Could not start a new session. Possible causes are invalid address of the remote server or browser start-up failure. 
Host info: host: &amp;apos;DESKTOP-663MT7H&amp;apos;, ip: &amp;apos;192.168.21.190&amp;apos;">
      <![CDATA[org.openqa.selenium.SessionNotCreatedException: Could not start a new session. Possible causes are invalid address of the remote server or browser start-up failure. 
Host info: host: 'DESKTOP-663MT7H', ip: '192.168.21.190'
at org.openqa.selenium.remote.RemoteWebDriver.execute(RemoteWebDriver.java:553)
at org.openqa.selenium.remote.RemoteWebDriver.startSession(RemoteWebDriver.java:228)
at org.openqa.selenium.remote.RemoteWebDriver.<init>(RemoteWebDriver.java:156)
at org.openqa.selenium.firefox.FirefoxDriver.<init>(FirefoxDriver.java:130)
at org.openqa.selenium.firefox.FirefoxDriver.<init>(FirefoxDriver.java:111)
at org.openqa.selenium.firefox.FirefoxDriver.<init>(FirefoxDriver.java:101)
at com.obsqura.Testscripts.Base.initilizeBrowser(Base.java:74)
at java.util.ArrayList.forEach(ArrayList.java:1257)
at java.util.concurrent.FutureTask.run(FutureTask.java:266)
at java.util.concurrent.ThreadPoolExecutor.runWorker(ThreadPoolExecutor.java:1149)
at java.util.concurrent.ThreadPoolExecutor$Worker.run(ThreadPoolExecutor.java:624)
at java.lang.Thread.run(Thread.java:748)
Caused by: org.openqa.selenium.WebDriverException: Timed out waiting for driver process to start.
Build info: version: '4.7.2', revision: '4d4020c3b7'
System info: os.name: 'Windows 10', os.arch: 'amd64', os.version: '10.0', java.version: '1.8.0_202'
Driver info: driver.version: FirefoxDriver
at org.openqa.selenium.remote.service.DriverService.start(DriverService.java:218)
at org.openqa.selenium.remote.service.DriverCommandExecutor.execute(DriverCommandExecutor.java:98)
at org.openqa.selenium.remote.RemoteWebDriver.execute(RemoteWebDriver.java:535)
... 32 more
... Removed 21 stack frames]]>
    </failure>
  </testcase> <!-- @BeforeMethod initilizeBrowser -->
  <testcase name="@AfterMethod browserQuit" time="0.001" classname="com.obsqura.Testscripts.Base">
    <failure type="java.lang.NullPointerException">
      <![CDATA[java.lang.NullPointerException
at com.obsqura.Testscripts.Base.browserQuit(Base.java:108)
at java.util.ArrayList.forEach(ArrayList.java:1257)
at java.util.concurrent.FutureTask.run(FutureTask.java:266)
at java.util.concurrent.ThreadPoolExecutor.runWorker(ThreadPoolExecutor.java:1149)
at java.util.concurrent.ThreadPoolExecutor$Worker.run(ThreadPoolExecutor.java:624)
at java.lang.Thread.run(Thread.java:748)
... Removed 22 stack frames]]>
    </failure>
  </testcase> <!-- @AfterMethod browserQuit -->
  <testcase name="@BeforeMethod initilizeBrowser" time="20.074" classname="com.obsqura.Testscripts.Base">
    <failure type="org.openqa.selenium.SessionNotCreatedException" message="Could not start a new session. Possible causes are invalid address of the remote server or browser start-up failure. 
Host info: host: &amp;apos;DESKTOP-663MT7H&amp;apos;, ip: &amp;apos;192.168.21.190&amp;apos;">
      <![CDATA[org.openqa.selenium.SessionNotCreatedException: Could not start a new session. Possible causes are invalid address of the remote server or browser start-up failure. 
Host info: host: 'DESKTOP-663MT7H', ip: '192.168.21.190'
at org.openqa.selenium.remote.RemoteWebDriver.execute(RemoteWebDriver.java:553)
at org.openqa.selenium.remote.RemoteWebDriver.startSession(RemoteWebDriver.java:228)
at org.openqa.selenium.remote.RemoteWebDriver.<init>(RemoteWebDriver.java:156)
at org.openqa.selenium.firefox.FirefoxDriver.<init>(FirefoxDriver.java:130)
at org.openqa.selenium.firefox.FirefoxDriver.<init>(FirefoxDriver.java:111)
at org.openqa.selenium.firefox.FirefoxDriver.<init>(FirefoxDriver.java:101)
at com.obsqura.Testscripts.Base.initilizeBrowser(Base.java:74)
at java.util.ArrayList.forEach(ArrayList.java:1257)
at java.util.concurrent.FutureTask.run(FutureTask.java:266)
at java.util.concurrent.ThreadPoolExecutor.runWorker(ThreadPoolExecutor.java:1149)
at java.util.concurrent.ThreadPoolExecutor$Worker.run(ThreadPoolExecutor.java:624)
at java.lang.Thread.run(Thread.java:748)
Caused by: org.openqa.selenium.WebDriverException: Timed out waiting for driver process to start.
Build info: version: '4.7.2', revision: '4d4020c3b7'
System info: os.name: 'Windows 10', os.arch: 'amd64', os.version: '10.0', java.version: '1.8.0_202'
Driver info: driver.version: FirefoxDriver
at org.openqa.selenium.remote.service.DriverService.start(DriverService.java:218)
at org.openqa.selenium.remote.service.DriverCommandExecutor.execute(DriverCommandExecutor.java:98)
at org.openqa.selenium.remote.RemoteWebDriver.execute(RemoteWebDriver.java:535)
... 32 more
... Removed 21 stack frames]]>
    </failure>
  </testcase> <!-- @BeforeMethod initilizeBrowser -->
  <testcase name="@AfterMethod browserQuit" time="0.001" classname="com.obsqura.Testscripts.Base">
    <failure type="java.lang.NullPointerException">
      <![CDATA[java.lang.NullPointerException
at com.obsqura.Testscripts.Base.browserQuit(Base.java:108)
at java.util.ArrayList.forEach(ArrayList.java:1257)
at java.util.concurrent.FutureTask.run(FutureTask.java:266)
at java.util.concurrent.ThreadPoolExecutor.runWorker(ThreadPoolExecutor.java:1149)
at java.util.concurrent.ThreadPoolExecutor$Worker.run(ThreadPoolExecutor.java:624)
at java.lang.Thread.run(Thread.java:748)
... Removed 22 stack frames]]>
    </failure>
  </testcase> <!-- @AfterMethod browserQuit -->
  <testcase name="@BeforeMethod initilizeBrowser" time="20.062" classname="com.obsqura.Testscripts.Base">
    <failure type="org.openqa.selenium.SessionNotCreatedException" message="Could not start a new session. Possible causes are invalid address of the remote server or browser start-up failure. 
Host info: host: &amp;apos;DESKTOP-663MT7H&amp;apos;, ip: &amp;apos;192.168.21.190&amp;apos;">
      <![CDATA[org.openqa.selenium.SessionNotCreatedException: Could not start a new session. Possible causes are invalid address of the remote server or browser start-up failure. 
Host info: host: 'DESKTOP-663MT7H', ip: '192.168.21.190'
at org.openqa.selenium.remote.RemoteWebDriver.execute(RemoteWebDriver.java:553)
at org.openqa.selenium.remote.RemoteWebDriver.startSession(RemoteWebDriver.java:228)
at org.openqa.selenium.remote.RemoteWebDriver.<init>(RemoteWebDriver.java:156)
at org.openqa.selenium.firefox.FirefoxDriver.<init>(FirefoxDriver.java:130)
at org.openqa.selenium.firefox.FirefoxDriver.<init>(FirefoxDriver.java:111)
at org.openqa.selenium.firefox.FirefoxDriver.<init>(FirefoxDriver.java:101)
at com.obsqura.Testscripts.Base.initilizeBrowser(Base.java:74)
at java.util.ArrayList.forEach(ArrayList.java:1257)
at java.util.concurrent.FutureTask.run(FutureTask.java:266)
at java.util.concurrent.ThreadPoolExecutor.runWorker(ThreadPoolExecutor.java:1149)
at java.util.concurrent.ThreadPoolExecutor$Worker.run(ThreadPoolExecutor.java:624)
at java.lang.Thread.run(Thread.java:748)
Caused by: org.openqa.selenium.WebDriverException: Timed out waiting for driver process to start.
Build info: version: '4.7.2', revision: '4d4020c3b7'
System info: os.name: 'Windows 10', os.arch: 'amd64', os.version: '10.0', java.version: '1.8.0_202'
Driver info: driver.version: FirefoxDriver
at org.openqa.selenium.remote.service.DriverService.start(DriverService.java:218)
at org.openqa.selenium.remote.service.DriverCommandExecutor.execute(DriverCommandExecutor.java:98)
at org.openqa.selenium.remote.RemoteWebDriver.execute(RemoteWebDriver.java:535)
... 32 more
... Removed 21 stack frames]]>
    </failure>
  </testcase> <!-- @BeforeMethod initilizeBrowser -->
  <testcase name="@AfterMethod browserQuit" time="0.001" classname="com.obsqura.Testscripts.Base">
    <failure type="java.lang.NullPointerException">
      <![CDATA[java.lang.NullPointerException
at com.obsqura.Testscripts.Base.browserQuit(Base.java:108)
at java.util.ArrayList.forEach(ArrayList.java:1257)
at java.util.concurrent.FutureTask.run(FutureTask.java:266)
at java.util.concurrent.ThreadPoolExecutor.runWorker(ThreadPoolExecutor.java:1149)
at java.util.concurrent.ThreadPoolExecutor$Worker.run(ThreadPoolExecutor.java:624)
at java.lang.Thread.run(Thread.java:748)
... Removed 22 stack frames]]>
    </failure>
  </testcase> <!-- @AfterMethod browserQuit -->
  <testcase name="verifyLoginpageInValidCredentials" time="0.0" classname="com.obsqura.Testscripts.LoginTest">
    <skipped/>
  </testcase> <!-- verifyLoginpageInValidCredentials -->
  <testcase name="verifyLoginpageInvalidUserName" time="0.0" classname="com.obsqura.Testscripts.LoginTest">
    <skipped/>
  </testcase> <!-- verifyLoginpageInvalidUserName -->
  <testcase name="verifyLoginpageInvalidUserName" time="0.0" classname="com.obsqura.Testscripts.LoginTest">
    <skipped/>
  </testcase> <!-- verifyLoginpageInvalidUserName -->
  <testcase name="verifyLoginpageValidCredentials" time="0.0" classname="com.obsqura.Testscripts.LoginTest">
    <skipped/>
  </testcase> <!-- verifyLoginpageValidCredentials -->
  <testcase name="verifyTitleisDisplayed" time="0.0" classname="com.obsqura.Testscripts.HomePageTest">
    <skipped/>
  </testcase> <!-- verifyTitleisDisplayed -->
  <testcase name="verifymanageproductisRedirecting" time="0.0" classname="com.obsqura.Testscripts.HomePageTest">
    <skipped/>
  </testcase> <!-- verifymanageproductisRedirecting -->
  <testcase name="manageproductNewButtonColor" time="0.0" classname="com.obsqura.Testscripts.ManagePageTest1">
    <skipped/>
  </testcase> <!-- manageproductNewButtonColor -->
  <testcase name="searchElementsintheListPage" time="0.0" classname="com.obsqura.Testscripts.ManagePageTest1">
    <skipped/>
  </testcase> <!-- searchElementsintheListPage -->
</testsuite> <!-- FirefoxBrowsing -->
