<?xml version="1.0" encoding="UTF-8"?>
<!-- Generated by org.testng.reporters.JUnitXMLReporter -->
<testsuite hostname="DESKTOP-663MT7H" ignored="0" name="Test" tests="33" failures="0" timestamp="2023-05-01T13:33:28 IST" time="477.095" errors="0">
  <testcase name="addNewAdminUsersTotheAdminPage" time="13.95" classname="com.obsqura.Testscripts.AdminUsersTest"/>
  <testcase name="deleteUsersFromtheAdminList" time="5.425" classname="com.obsqura.Testscripts.AdminUsersTest"/>
  <testcase name="verifycancelFunctionalityofThePopUPWhileclickingtheDeleteButton" time="4.845" classname="com.obsqura.Testscripts.AdminUsersTest"/>
  <testcase name="verifyuserStatusChangeedOrnotWhileClickingLockbutton" time="4.815" classname="com.obsqura.Testscripts.AdminUsersTest"/>
  <testcase name="addNewDeliveryboydetailstothDeleiveryBoyPage" time="9.432" classname="com.obsqura.Testscripts.DeliveryBoyTest"/>
  <testcase name="deleteDeliveryboydetailstothDeleiveryBoyPage" time="4.995" classname="com.obsqura.Testscripts.DeliveryBoyTest"/>
  <testcase name="showDeliveryboyPasswordWhileclickingArrow" time="4.32" classname="com.obsqura.Testscripts.DeliveryBoyTest"/>
  <testcase name="verifyTitleisDisplayedOnTheHomePage" time="2.539" classname="com.obsqura.Testscripts.HomePageTest"/>
  <testcase name="verifymanageproductMoreInfoLinkisRedirectingToListProductPage" time="5.256" classname="com.obsqura.Testscripts.HomePageTest"/>
  <testcase name="verifyLoginpagewithInValidUsernameAndPassword" time="0.862" classname="com.obsqura.Testscripts.LoginTest"/>
  <testcase name="verifyLoginwithValidUseranmeAndPassword" time="2.253" classname="com.obsqura.Testscripts.LoginTest"/>
  <testcase name="verifyloginwithInvalidUserName" time="0.866" classname="com.obsqura.Testscripts.LoginTest"/>
  <testcase name="verifyloginwithInvalidUserName" time="0.822" classname="com.obsqura.Testscripts.LoginTest"/>
  <testcase name="clickVieMorebuttontoVerifyDetailsIsDisplayedornot" time="6.516" classname="com.obsqura.Testscripts.ManageExpenseTest"/>
  <testcase name="clickdeletebuttontoVerifyelementisdeleted" time="9.41" classname="com.obsqura.Testscripts.ManageExpenseTest"/>
  <testcase name="expenseCategoryPageupdateDetails" time="7.566" classname="com.obsqura.Testscripts.ManageExpenseTest"/>
  <testcase name="editAndUpdatemanagefootertext" time="7.713" classname="com.obsqura.Testscripts.ManageFooterTextTest"/>
  <testcase name="addnewLocationTotheManageLocationPage" time="9.498" classname="com.obsqura.Testscripts.ManageLocationTest"/>
  <testcase name="searchLoactionfromtheListofLocations" time="5.79" classname="com.obsqura.Testscripts.ManageLocationTest"/>
  <testcase name="addNewNewsinformationtotheNewsPage" time="11.659" classname="com.obsqura.Testscripts.MAnageNewsTest"/>
  <testcase name="changedeliveryStatusOFTheDelivery" time="6.982" classname="com.obsqura.Testscripts.ManageOrdersTest"/>
  <testcase name="gotomainListPageWhileclickingbackbutton" time="8.332" classname="com.obsqura.Testscripts.ManageOrdersTest"/>
  <testcase name="toAssignDeliveryboyTotheCustomer" time="6.432" classname="com.obsqura.Testscripts.ManageOrdersTest"/>
  <testcase name="viewdetailsoftheDeliveryProcess" time="5.579" classname="com.obsqura.Testscripts.ManageOrdersTest"/>
  <testcase name="TocheckWhethersearchElementsisDisplayedintheListPage" time="5.562" classname="com.obsqura.Testscripts.ManagePageTest"/>
  <testcase name="verifyaddNewPageInthePageList" time="8.828" classname="com.obsqura.Testscripts.ManagePageTest"/>
  <testcase name="verifymanageproductNewButtonColorisRed" time="3.344" classname="com.obsqura.Testscripts.ManagePageTest"/>
  <testcase name="managePaymentinformationEditedtothePaymentPage" time="5.586" classname="com.obsqura.Testscripts.ManagePaymentTest"/>
  <testcase name="managePaymentinformationStatusisChangedActiveAndInactive" time="4.594" classname="com.obsqura.Testscripts.ManagePaymentTest"/>
  <testcase name="managePaymentresetButtonverify" time="5.445" classname="com.obsqura.Testscripts.ManagePaymentTest"/>
  <testcase name="addPushNotificationadded" time="6.159" classname="com.obsqura.Testscripts.PushNotificationTest"/>
  <testcase name="editManageContactDetails" time="6.39" classname="com.obsqura.Testscripts.ManageContactTest"/>
  <testcase name="deletedetailsofMobileSliderList" time="6.987" classname="com.obsqura.Testscripts.MobileSliderTest"/>
</testsuite> <!-- Test -->
