<?xml version="1.0" encoding="UTF-8"?>
<!-- Generated by org.testng.reporters.JUnitXMLReporter -->
<testsuite hostname="DESKTOP-663MT7H" ignored="0" name="crossbrowsing" tests="1" failures="1" timestamp="2023-04-14T23:19:06 IST" time="0.123" errors="0">
  <testcase name="verifyLoginpageInValidCredentials" time="0.0" classname="com.obsqura.Testscripts.LoginTest">
    <failure type="org.testng.TestNGException" message="
Parameter &amp;apos;username&amp;apos; is required by @Test on method verifyLoginpageInValidCredentials but has not been marked @Optional or defined
in C:\Users\User\EclipseWorkspace\7MartSupermarket\testng.xml">
      <![CDATA[org.testng.TestNGException: 
Parameter 'username' is required by @Test on method verifyLoginpageInValidCredentials but has not been marked @Optional or defined
in C:\Users\User\EclipseWorkspace\7MartSupermarket\testng.xml
at java.util.ArrayList.forEach(ArrayList.java:1257)
... Removed 26 stack frames]]>
    </failure>
  </testcase> <!-- verifyLoginpageInValidCredentials -->
</testsuite> <!-- crossbrowsing -->
