<?xml version="1.0" encoding="UTF-8"?>
<!-- Generated by org.testng.reporters.JUnitXMLReporter -->
<testsuite hostname="DESKTOP-663MT7H" ignored="0" name="Test" tests="3" failures="0" timestamp="2023-04-13T02:22:47 IST" time="23.585" errors="0">
  <testcase name="verifybackgroundColorofDashBoard" time="2.198" classname="Automation.Testscripts.HomePageTest"/>
  <testcase name="verifymanageproductClick" time="2.55" classname="Automation.Testscripts.HomePageTest"/>
  <testcase name="verifyprojectTitle" time="1.657" classname="Automation.Testscripts.HomePageTest"/>
</testsuite> <!-- Test -->
