<?xml version="1.0" encoding="UTF-8"?>
<testng-results skipped="0" failed="0" ignored="0" total="1" passed="1">
  <reporter-output>
  </reporter-output>
  <suite name="Default suite" duration-ms="11002" started-at="2023-04-03T23:04:05 IST" finished-at="2023-04-03T23:04:16 IST">
    <groups>
    </groups>
    <test name="Default test" duration-ms="11002" started-at="2023-04-03T23:04:05 IST" finished-at="2023-04-03T23:04:16 IST">
      <class name="Automation.Testscripts.Base">
        <test-method status="PASS" signature="initilizeBrowser()[pri:0, instance:Automation.Testscripts.Base@77ec78b9]" name="initilizeBrowser" is-config="true" duration-ms="10018" started-at="2023-04-03T23:04:05 IST" finished-at="2023-04-03T23:04:15 IST">
          <reporter-output>
          </reporter-output>
        </test-method> <!-- initilizeBrowser -->
        <test-method status="PASS" signature="sample()[pri:0, instance:Automation.Testscripts.Base@77ec78b9]" name="sample" duration-ms="11" started-at="2023-04-03T23:04:15 IST" finished-at="2023-04-03T23:04:15 IST">
          <reporter-output>
          </reporter-output>
        </test-method> <!-- sample -->
        <test-method status="PASS" signature="afterTest()[pri:0, instance:Automation.Testscripts.Base@77ec78b9]" name="afterTest" is-config="true" duration-ms="892" started-at="2023-04-03T23:04:15 IST" finished-at="2023-04-03T23:04:16 IST">
          <reporter-output>
          </reporter-output>
        </test-method> <!-- afterTest -->
      </class> <!-- Automation.Testscripts.Base -->
    </test> <!-- Default test -->
  </suite> <!-- Default suite -->
</testng-results>
