<?xml version="1.0" encoding="UTF-8"?>
<testng-results skipped="1" failed="22" ignored="0" retried="15" total="38" passed="0">
  <reporter-output>
  </reporter-output>
  <suite name="Suite" duration-ms="213171" started-at="2023-04-26T08:35:52 IST" finished-at="2023-04-26T08:39:25 IST">
    <groups>
      <group name="regression">
        <method signature="HomePageTest.verifyTitleisDisplayedOnTheHomePage()[pri:0, instance:com.obsqura.Testscripts.HomePageTest@7dcf94f8]" name="verifyTitleisDisplayedOnTheHomePage" class="com.obsqura.Testscripts.HomePageTest"/>
        <method signature="LoginTest.verifyLoginpagewithInValidUsernameAndPassword(java.lang.String,java.lang.String)[pri:0, instance:com.obsqura.Testscripts.LoginTest@131774fe]" name="verifyLoginpagewithInValidUsernameAndPassword" class="com.obsqura.Testscripts.LoginTest"/>
      </group> <!-- regression -->
      <group name="smoke">
        <method signature="LoginTest.verifyLoginwithValidUseranmeAndPassword()[pri:0, instance:com.obsqura.Testscripts.LoginTest@131774fe]" name="verifyLoginwithValidUseranmeAndPassword" class="com.obsqura.Testscripts.LoginTest"/>
      </group> <!-- smoke -->
    </groups>
    <test name="Test" duration-ms="213171" started-at="2023-04-26T08:35:52 IST" finished-at="2023-04-26T08:39:25 IST">
      <class name="com.obsqura.Testscripts.HomePageTest">
        <test-method status="PASS" signature="initilizeBrowser(java.lang.String)[pri:0, instance:com.obsqura.Testscripts.HomePageTest@7dcf94f8]" name="initilizeBrowser" is-config="true" duration-ms="3406" started-at="2023-04-26T08:37:10 IST" finished-at="2023-04-26T08:37:14 IST">
          <params>
            <param index="0">
              <value>
                <![CDATA[chrome]]>
              </value>
            </param>
          </params>
          <reporter-output>
          </reporter-output>
        </test-method> <!-- initilizeBrowser -->
        <test-method status="FAIL" signature="verifyTitleisDisplayedOnTheHomePage()[pri:0, instance:com.obsqura.Testscripts.HomePageTest@7dcf94f8]" name="verifyTitleisDisplayedOnTheHomePage" duration-ms="1" started-at="2023-04-26T08:37:14 IST" finished-at="2023-04-26T08:37:14 IST">
          <exception class="org.apache.poi.EmptyFileException">
            <message>
              <![CDATA[The supplied file was empty (zero bytes long)]]>
            </message>
            <full-stacktrace>
              <![CDATA[org.apache.poi.EmptyFileException: The supplied file was empty (zero bytes long)
at org.apache.poi.util.IOUtils.peekFirstNBytes(IOUtils.java:144)
at org.apache.poi.poifs.filesystem.FileMagic.valueOf(FileMagic.java:209)
at org.apache.poi.openxml4j.opc.internal.ZipHelper.verifyZipHeader(ZipHelper.java:143)
at org.apache.poi.openxml4j.opc.internal.ZipHelper.openZipStream(ZipHelper.java:175)
at org.apache.poi.openxml4j.opc.ZipPackage.<init>(ZipPackage.java:130)
at org.apache.poi.openxml4j.opc.OPCPackage.open(OPCPackage.java:312)
at org.apache.poi.ooxml.util.PackageHelper.open(PackageHelper.java:59)
at org.apache.poi.xssf.usermodel.XSSFWorkbook.<init>(XSSFWorkbook.java:289)
at org.apache.poi.xssf.usermodel.XSSFWorkbook.<init>(XSSFWorkbook.java:285)
at utilities.ExcelUtility.getString(ExcelUtility.java:65)
at com.obsqura.Testscripts.HomePageTest.verifyTitleisDisplayedOnTheHomePage(HomePageTest.java:36)
at sun.reflect.NativeMethodAccessorImpl.invoke0(Native Method)
at sun.reflect.NativeMethodAccessorImpl.invoke(NativeMethodAccessorImpl.java:62)
at sun.reflect.DelegatingMethodAccessorImpl.invoke(DelegatingMethodAccessorImpl.java:43)
at java.lang.reflect.Method.invoke(Method.java:498)
at org.testng.internal.MethodInvocationHelper.invokeMethod(MethodInvocationHelper.java:133)
at org.testng.internal.TestInvoker.invokeMethod(TestInvoker.java:598)
at org.testng.internal.TestInvoker.invokeTestMethod(TestInvoker.java:173)
at org.testng.internal.MethodRunner.runInSequence(MethodRunner.java:46)
at org.testng.internal.TestInvoker$MethodInvocationAgent.invoke(TestInvoker.java:824)
at org.testng.internal.TestInvoker.invokeTestMethods(TestInvoker.java:146)
at org.testng.internal.TestMethodWorker.invokeTestMethods(TestMethodWorker.java:146)
at org.testng.internal.TestMethodWorker.run(TestMethodWorker.java:128)
at java.util.ArrayList.forEach(ArrayList.java:1257)
at org.testng.TestRunner.privateRun(TestRunner.java:794)
at org.testng.TestRunner.run(TestRunner.java:596)
at org.testng.SuiteRunner.runTest(SuiteRunner.java:377)
at org.testng.SuiteRunner.runSequentially(SuiteRunner.java:371)
at org.testng.SuiteRunner.privateRun(SuiteRunner.java:332)
at org.testng.SuiteRunner.run(SuiteRunner.java:276)
at org.testng.SuiteRunnerWorker.runSuite(SuiteRunnerWorker.java:53)
at org.testng.SuiteRunnerWorker.run(SuiteRunnerWorker.java:96)
at org.testng.TestNG.runSuitesSequentially(TestNG.java:1212)
at org.testng.TestNG.runSuitesLocally(TestNG.java:1134)
at org.testng.TestNG.runSuites(TestNG.java:1063)
at org.testng.TestNG.run(TestNG.java:1031)
at org.testng.remote.AbstractRemoteTestNG.run(AbstractRemoteTestNG.java:115)
at org.testng.remote.RemoteTestNG.initAndRun(RemoteTestNG.java:251)
at org.testng.remote.RemoteTestNG.main(RemoteTestNG.java:77)
]]>
            </full-stacktrace>
          </exception> <!-- org.apache.poi.EmptyFileException -->
          <reporter-output>
          </reporter-output>
        </test-method> <!-- verifyTitleisDisplayedOnTheHomePage -->
        <test-method status="PASS" signature="browserQuit(org.testng.ITestResult)[pri:0, instance:com.obsqura.Testscripts.HomePageTest@7dcf94f8]" name="browserQuit" is-config="true" duration-ms="894" started-at="2023-04-26T08:37:14 IST" finished-at="2023-04-26T08:37:15 IST">
          <params>
            <param index="0">
              <value>
                <![CDATA[[TestResult name=verifyTitleisDisplayedOnTheHomePage status=FAILURE method=HomePageTest.verifyTitleisDisplayedOnTheHomePage()[pri:0, instance:com.obsqura.Testscripts.HomePageTest@7dcf94f8] output={null}]]]>
              </value>
            </param>
          </params>
          <reporter-output>
          </reporter-output>
        </test-method> <!-- browserQuit -->
        <test-method status="FAIL" signature="initilizeBrowser(java.lang.String)[pri:0, instance:com.obsqura.Testscripts.HomePageTest@7dcf94f8]" name="initilizeBrowser" is-config="true" duration-ms="2039" started-at="2023-04-26T08:37:15 IST" finished-at="2023-04-26T08:37:17 IST">
          <params>
            <param index="0">
              <value>
                <![CDATA[chrome]]>
              </value>
            </param>
          </params>
          <exception class="org.openqa.selenium.WebDriverException">
            <message>
              <![CDATA[unknown error: cannot determine loading status
from no such window
  (Session info: chrome=112.0.5615.138)
Build info: version: '4.7.2', revision: '4d4020c3b7'
System info: os.name: 'Windows 10', os.arch: 'amd64', os.version: '10.0', java.version: '1.8.0_202'
Driver info: org.openqa.selenium.chrome.ChromeDriver
Command: [2dc1794b8eb5da41a3c67e526b53ec03, get {url=https://groceryapp.uniqassosiates.com/admin/login}]
Capabilities {acceptInsecureCerts: false, browserName: chrome, browserVersion: 112.0.5615.138, chrome: {chromedriverVersion: 112.0.5615.49 (bd2a7bcb881c..., userDataDir: C:\Users\User\AppData\Local...}, goog:chromeOptions: {debuggerAddress: localhost:53440}, networkConnectionEnabled: false, pageLoadStrategy: normal, platformName: WINDOWS, proxy: Proxy(), se:cdp: ws://localhost:53440/devtoo..., se:cdpVersion: 112.0.5615.138, setWindowRect: true, strictFileInteractability: false, timeouts: {implicit: 0, pageLoad: 300000, script: 30000}, unhandledPromptBehavior: dismiss and notify, webauthn:extension:credBlob: true, webauthn:extension:largeBlob: true, webauthn:extension:minPinLength: true, webauthn:extension:prf: true, webauthn:virtualAuthenticators: true}
Session ID: 2dc1794b8eb5da41a3c67e526b53ec03]]>
            </message>
            <full-stacktrace>
              <![CDATA[org.openqa.selenium.WebDriverException: unknown error: cannot determine loading status
from no such window
  (Session info: chrome=112.0.5615.138)
Build info: version: '4.7.2', revision: '4d4020c3b7'
System info: os.name: 'Windows 10', os.arch: 'amd64', os.version: '10.0', java.version: '1.8.0_202'
Driver info: org.openqa.selenium.chrome.ChromeDriver
Command: [2dc1794b8eb5da41a3c67e526b53ec03, get {url=https://groceryapp.uniqassosiates.com/admin/login}]
Capabilities {acceptInsecureCerts: false, browserName: chrome, browserVersion: 112.0.5615.138, chrome: {chromedriverVersion: 112.0.5615.49 (bd2a7bcb881c..., userDataDir: C:\Users\User\AppData\Local...}, goog:chromeOptions: {debuggerAddress: localhost:53440}, networkConnectionEnabled: false, pageLoadStrategy: normal, platformName: WINDOWS, proxy: Proxy(), se:cdp: ws://localhost:53440/devtoo..., se:cdpVersion: 112.0.5615.138, setWindowRect: true, strictFileInteractability: false, timeouts: {implicit: 0, pageLoad: 300000, script: 30000}, unhandledPromptBehavior: dismiss and notify, webauthn:extension:credBlob: true, webauthn:extension:largeBlob: true, webauthn:extension:minPinLength: true, webauthn:extension:prf: true, webauthn:virtualAuthenticators: true}
Session ID: 2dc1794b8eb5da41a3c67e526b53ec03
at sun.reflect.NativeConstructorAccessorImpl.newInstance0(Native Method)
at sun.reflect.NativeConstructorAccessorImpl.newInstance(NativeConstructorAccessorImpl.java:62)
at sun.reflect.DelegatingConstructorAccessorImpl.newInstance(DelegatingConstructorAccessorImpl.java:45)
at java.lang.reflect.Constructor.newInstance(Constructor.java:423)
at org.openqa.selenium.remote.codec.w3c.W3CHttpResponseCodec.createException(W3CHttpResponseCodec.java:200)
at org.openqa.selenium.remote.codec.w3c.W3CHttpResponseCodec.decode(W3CHttpResponseCodec.java:133)
at org.openqa.selenium.remote.codec.w3c.W3CHttpResponseCodec.decode(W3CHttpResponseCodec.java:53)
at org.openqa.selenium.remote.HttpCommandExecutor.execute(HttpCommandExecutor.java:184)
at org.openqa.selenium.remote.service.DriverCommandExecutor.invokeExecute(DriverCommandExecutor.java:167)
at org.openqa.selenium.remote.service.DriverCommandExecutor.execute(DriverCommandExecutor.java:142)
at org.openqa.selenium.remote.RemoteWebDriver.execute(RemoteWebDriver.java:535)
at org.openqa.selenium.remote.RemoteWebDriver.get(RemoteWebDriver.java:296)
at com.obsqura.Testscripts.Base.initilizeBrowser(Base.java:101)
at sun.reflect.NativeMethodAccessorImpl.invoke0(Native Method)
at sun.reflect.NativeMethodAccessorImpl.invoke(NativeMethodAccessorImpl.java:62)
at sun.reflect.DelegatingMethodAccessorImpl.invoke(DelegatingMethodAccessorImpl.java:43)
at java.lang.reflect.Method.invoke(Method.java:498)
at org.testng.internal.MethodInvocationHelper.invokeMethod(MethodInvocationHelper.java:133)
at org.testng.internal.MethodInvocationHelper.invokeMethodConsideringTimeout(MethodInvocationHelper.java:62)
at org.testng.internal.ConfigInvoker.invokeConfigurationMethod(ConfigInvoker.java:385)
at org.testng.internal.ConfigInvoker.invokeConfigurations(ConfigInvoker.java:321)
at org.testng.internal.TestInvoker.runConfigMethods(TestInvoker.java:700)
at org.testng.internal.TestInvoker.invokeMethod(TestInvoker.java:527)
at org.testng.internal.TestInvoker.invokeTestMethod(TestInvoker.java:173)
at org.testng.internal.MethodRunner.runInSequence(MethodRunner.java:46)
at org.testng.internal.TestInvoker$MethodInvocationAgent.invoke(TestInvoker.java:824)
at org.testng.internal.TestInvoker.invokeTestMethods(TestInvoker.java:146)
at org.testng.internal.TestMethodWorker.invokeTestMethods(TestMethodWorker.java:146)
at org.testng.internal.TestMethodWorker.run(TestMethodWorker.java:128)
at java.util.ArrayList.forEach(ArrayList.java:1257)
at org.testng.TestRunner.privateRun(TestRunner.java:794)
at org.testng.TestRunner.run(TestRunner.java:596)
at org.testng.SuiteRunner.runTest(SuiteRunner.java:377)
at org.testng.SuiteRunner.runSequentially(SuiteRunner.java:371)
at org.testng.SuiteRunner.privateRun(SuiteRunner.java:332)
at org.testng.SuiteRunner.run(SuiteRunner.java:276)
at org.testng.SuiteRunnerWorker.runSuite(SuiteRunnerWorker.java:53)
at org.testng.SuiteRunnerWorker.run(SuiteRunnerWorker.java:96)
at org.testng.TestNG.runSuitesSequentially(TestNG.java:1212)
at org.testng.TestNG.runSuitesLocally(TestNG.java:1134)
at org.testng.TestNG.runSuites(TestNG.java:1063)
at org.testng.TestNG.run(TestNG.java:1031)
at org.testng.remote.AbstractRemoteTestNG.run(AbstractRemoteTestNG.java:115)
at org.testng.remote.RemoteTestNG.initAndRun(RemoteTestNG.java:251)
at org.testng.remote.RemoteTestNG.main(RemoteTestNG.java:77)
]]>
            </full-stacktrace>
          </exception> <!-- org.openqa.selenium.WebDriverException -->
          <reporter-output>
          </reporter-output>
        </test-method> <!-- initilizeBrowser -->
        <test-method status="SKIP" signature="verifymanageproductMoreInfoLinkisRedirectingToListProductPage()[pri:0, instance:com.obsqura.Testscripts.HomePageTest@7dcf94f8]" name="verifymanageproductMoreInfoLinkisRedirectingToListProductPage" duration-ms="0" started-at="2023-04-26T08:37:17 IST" finished-at="2023-04-26T08:37:17 IST">
          <exception class="org.openqa.selenium.WebDriverException">
            <message>
              <![CDATA[unknown error: cannot determine loading status
from no such window
  (Session info: chrome=112.0.5615.138)
Build info: version: '4.7.2', revision: '4d4020c3b7'
System info: os.name: 'Windows 10', os.arch: 'amd64', os.version: '10.0', java.version: '1.8.0_202'
Driver info: org.openqa.selenium.chrome.ChromeDriver
Command: [2dc1794b8eb5da41a3c67e526b53ec03, get {url=https://groceryapp.uniqassosiates.com/admin/login}]
Capabilities {acceptInsecureCerts: false, browserName: chrome, browserVersion: 112.0.5615.138, chrome: {chromedriverVersion: 112.0.5615.49 (bd2a7bcb881c..., userDataDir: C:\Users\User\AppData\Local...}, goog:chromeOptions: {debuggerAddress: localhost:53440}, networkConnectionEnabled: false, pageLoadStrategy: normal, platformName: WINDOWS, proxy: Proxy(), se:cdp: ws://localhost:53440/devtoo..., se:cdpVersion: 112.0.5615.138, setWindowRect: true, strictFileInteractability: false, timeouts: {implicit: 0, pageLoad: 300000, script: 30000}, unhandledPromptBehavior: dismiss and notify, webauthn:extension:credBlob: true, webauthn:extension:largeBlob: true, webauthn:extension:minPinLength: true, webauthn:extension:prf: true, webauthn:virtualAuthenticators: true}
Session ID: 2dc1794b8eb5da41a3c67e526b53ec03]]>
            </message>
            <full-stacktrace>
              <![CDATA[org.openqa.selenium.WebDriverException: unknown error: cannot determine loading status
from no such window
  (Session info: chrome=112.0.5615.138)
Build info: version: '4.7.2', revision: '4d4020c3b7'
System info: os.name: 'Windows 10', os.arch: 'amd64', os.version: '10.0', java.version: '1.8.0_202'
Driver info: org.openqa.selenium.chrome.ChromeDriver
Command: [2dc1794b8eb5da41a3c67e526b53ec03, get {url=https://groceryapp.uniqassosiates.com/admin/login}]
Capabilities {acceptInsecureCerts: false, browserName: chrome, browserVersion: 112.0.5615.138, chrome: {chromedriverVersion: 112.0.5615.49 (bd2a7bcb881c..., userDataDir: C:\Users\User\AppData\Local...}, goog:chromeOptions: {debuggerAddress: localhost:53440}, networkConnectionEnabled: false, pageLoadStrategy: normal, platformName: WINDOWS, proxy: Proxy(), se:cdp: ws://localhost:53440/devtoo..., se:cdpVersion: 112.0.5615.138, setWindowRect: true, strictFileInteractability: false, timeouts: {implicit: 0, pageLoad: 300000, script: 30000}, unhandledPromptBehavior: dismiss and notify, webauthn:extension:credBlob: true, webauthn:extension:largeBlob: true, webauthn:extension:minPinLength: true, webauthn:extension:prf: true, webauthn:virtualAuthenticators: true}
Session ID: 2dc1794b8eb5da41a3c67e526b53ec03
at sun.reflect.NativeConstructorAccessorImpl.newInstance0(Native Method)
at sun.reflect.NativeConstructorAccessorImpl.newInstance(NativeConstructorAccessorImpl.java:62)
at sun.reflect.DelegatingConstructorAccessorImpl.newInstance(DelegatingConstructorAccessorImpl.java:45)
at java.lang.reflect.Constructor.newInstance(Constructor.java:423)
at org.openqa.selenium.remote.codec.w3c.W3CHttpResponseCodec.createException(W3CHttpResponseCodec.java:200)
at org.openqa.selenium.remote.codec.w3c.W3CHttpResponseCodec.decode(W3CHttpResponseCodec.java:133)
at org.openqa.selenium.remote.codec.w3c.W3CHttpResponseCodec.decode(W3CHttpResponseCodec.java:53)
at org.openqa.selenium.remote.HttpCommandExecutor.execute(HttpCommandExecutor.java:184)
at org.openqa.selenium.remote.service.DriverCommandExecutor.invokeExecute(DriverCommandExecutor.java:167)
at org.openqa.selenium.remote.service.DriverCommandExecutor.execute(DriverCommandExecutor.java:142)
at org.openqa.selenium.remote.RemoteWebDriver.execute(RemoteWebDriver.java:535)
at org.openqa.selenium.remote.RemoteWebDriver.get(RemoteWebDriver.java:296)
at com.obsqura.Testscripts.Base.initilizeBrowser(Base.java:101)
at sun.reflect.NativeMethodAccessorImpl.invoke0(Native Method)
at sun.reflect.NativeMethodAccessorImpl.invoke(NativeMethodAccessorImpl.java:62)
at sun.reflect.DelegatingMethodAccessorImpl.invoke(DelegatingMethodAccessorImpl.java:43)
at java.lang.reflect.Method.invoke(Method.java:498)
at org.testng.internal.MethodInvocationHelper.invokeMethod(MethodInvocationHelper.java:133)
at org.testng.internal.MethodInvocationHelper.invokeMethodConsideringTimeout(MethodInvocationHelper.java:62)
at org.testng.internal.ConfigInvoker.invokeConfigurationMethod(ConfigInvoker.java:385)
at org.testng.internal.ConfigInvoker.invokeConfigurations(ConfigInvoker.java:321)
at org.testng.internal.TestInvoker.runConfigMethods(TestInvoker.java:700)
at org.testng.internal.TestInvoker.invokeMethod(TestInvoker.java:527)
at org.testng.internal.TestInvoker.invokeTestMethod(TestInvoker.java:173)
at org.testng.internal.MethodRunner.runInSequence(MethodRunner.java:46)
at org.testng.internal.TestInvoker$MethodInvocationAgent.invoke(TestInvoker.java:824)
at org.testng.internal.TestInvoker.invokeTestMethods(TestInvoker.java:146)
at org.testng.internal.TestMethodWorker.invokeTestMethods(TestMethodWorker.java:146)
at org.testng.internal.TestMethodWorker.run(TestMethodWorker.java:128)
at java.util.ArrayList.forEach(ArrayList.java:1257)
at org.testng.TestRunner.privateRun(TestRunner.java:794)
at org.testng.TestRunner.run(TestRunner.java:596)
at org.testng.SuiteRunner.runTest(SuiteRunner.java:377)
at org.testng.SuiteRunner.runSequentially(SuiteRunner.java:371)
at org.testng.SuiteRunner.privateRun(SuiteRunner.java:332)
at org.testng.SuiteRunner.run(SuiteRunner.java:276)
at org.testng.SuiteRunnerWorker.runSuite(SuiteRunnerWorker.java:53)
at org.testng.SuiteRunnerWorker.run(SuiteRunnerWorker.java:96)
at org.testng.TestNG.runSuitesSequentially(TestNG.java:1212)
at org.testng.TestNG.runSuitesLocally(TestNG.java:1134)
at org.testng.TestNG.runSuites(TestNG.java:1063)
at org.testng.TestNG.run(TestNG.java:1031)
at org.testng.remote.AbstractRemoteTestNG.run(AbstractRemoteTestNG.java:115)
at org.testng.remote.RemoteTestNG.initAndRun(RemoteTestNG.java:251)
at org.testng.remote.RemoteTestNG.main(RemoteTestNG.java:77)
]]>
            </full-stacktrace>
          </exception> <!-- org.openqa.selenium.WebDriverException -->
          <reporter-output>
          </reporter-output>
        </test-method> <!-- verifymanageproductMoreInfoLinkisRedirectingToListProductPage -->
        <test-method status="PASS" signature="browserQuit(org.testng.ITestResult)[pri:0, instance:com.obsqura.Testscripts.HomePageTest@7dcf94f8]" name="browserQuit" is-config="true" duration-ms="1069" started-at="2023-04-26T08:37:17 IST" finished-at="2023-04-26T08:37:18 IST">
          <params>
            <param index="0">
              <value>
                <![CDATA[[TestResult name={null} status=CREATED method=HomePageTest.verifymanageproductMoreInfoLinkisRedirectingToListProductPage()[pri:0, instance:com.obsqura.Testscripts.HomePageTest@7dcf94f8] output={null}]]]>
              </value>
            </param>
          </params>
          <reporter-output>
          </reporter-output>
        </test-method> <!-- browserQuit -->
      </class> <!-- com.obsqura.Testscripts.HomePageTest -->
      <class name="com.obsqura.Testscripts.MAnageNewsTest">
        <test-method status="PASS" signature="initilizeBrowser(java.lang.String)[pri:0, instance:com.obsqura.Testscripts.MAnageNewsTest@6743e411]" name="initilizeBrowser" is-config="true" duration-ms="4111" started-at="2023-04-26T08:37:51 IST" finished-at="2023-04-26T08:37:55 IST">
          <params>
            <param index="0">
              <value>
                <![CDATA[chrome]]>
              </value>
            </param>
          </params>
          <reporter-output>
          </reporter-output>
        </test-method> <!-- initilizeBrowser -->
        <test-method status="SKIP" signature="addNewNewsinformationtotheNewsPage()[pri:0, instance:com.obsqura.Testscripts.MAnageNewsTest@6743e411]" name="addNewNewsinformationtotheNewsPage" duration-ms="2" retried="true" started-at="2023-04-26T08:37:55 IST" finished-at="2023-04-26T08:37:55 IST">
          <exception class="org.apache.poi.EmptyFileException">
            <message>
              <![CDATA[The supplied file was empty (zero bytes long)]]>
            </message>
            <full-stacktrace>
              <![CDATA[org.apache.poi.EmptyFileException: The supplied file was empty (zero bytes long)
at org.apache.poi.util.IOUtils.peekFirstNBytes(IOUtils.java:144)
at org.apache.poi.poifs.filesystem.FileMagic.valueOf(FileMagic.java:209)
at org.apache.poi.openxml4j.opc.internal.ZipHelper.verifyZipHeader(ZipHelper.java:143)
at org.apache.poi.openxml4j.opc.internal.ZipHelper.openZipStream(ZipHelper.java:175)
at org.apache.poi.openxml4j.opc.ZipPackage.<init>(ZipPackage.java:130)
at org.apache.poi.openxml4j.opc.OPCPackage.open(OPCPackage.java:312)
at org.apache.poi.ooxml.util.PackageHelper.open(PackageHelper.java:59)
at org.apache.poi.xssf.usermodel.XSSFWorkbook.<init>(XSSFWorkbook.java:289)
at org.apache.poi.xssf.usermodel.XSSFWorkbook.<init>(XSSFWorkbook.java:285)
at utilities.ExcelUtility.getString(ExcelUtility.java:65)
at com.obsqura.Testscripts.MAnageNewsTest.addNewNewsinformationtotheNewsPage(MAnageNewsTest.java:28)
at sun.reflect.NativeMethodAccessorImpl.invoke0(Native Method)
at sun.reflect.NativeMethodAccessorImpl.invoke(NativeMethodAccessorImpl.java:62)
at sun.reflect.DelegatingMethodAccessorImpl.invoke(DelegatingMethodAccessorImpl.java:43)
at java.lang.reflect.Method.invoke(Method.java:498)
at org.testng.internal.MethodInvocationHelper.invokeMethod(MethodInvocationHelper.java:133)
at org.testng.internal.TestInvoker.invokeMethod(TestInvoker.java:598)
at org.testng.internal.TestInvoker.invokeTestMethod(TestInvoker.java:173)
at org.testng.internal.MethodRunner.runInSequence(MethodRunner.java:46)
at org.testng.internal.TestInvoker$MethodInvocationAgent.invoke(TestInvoker.java:824)
at org.testng.internal.TestInvoker.invokeTestMethods(TestInvoker.java:146)
at org.testng.internal.TestMethodWorker.invokeTestMethods(TestMethodWorker.java:146)
at org.testng.internal.TestMethodWorker.run(TestMethodWorker.java:128)
at java.util.ArrayList.forEach(ArrayList.java:1257)
at org.testng.TestRunner.privateRun(TestRunner.java:794)
at org.testng.TestRunner.run(TestRunner.java:596)
at org.testng.SuiteRunner.runTest(SuiteRunner.java:377)
at org.testng.SuiteRunner.runSequentially(SuiteRunner.java:371)
at org.testng.SuiteRunner.privateRun(SuiteRunner.java:332)
at org.testng.SuiteRunner.run(SuiteRunner.java:276)
at org.testng.SuiteRunnerWorker.runSuite(SuiteRunnerWorker.java:53)
at org.testng.SuiteRunnerWorker.run(SuiteRunnerWorker.java:96)
at org.testng.TestNG.runSuitesSequentially(TestNG.java:1212)
at org.testng.TestNG.runSuitesLocally(TestNG.java:1134)
at org.testng.TestNG.runSuites(TestNG.java:1063)
at org.testng.TestNG.run(TestNG.java:1031)
at org.testng.remote.AbstractRemoteTestNG.run(AbstractRemoteTestNG.java:115)
at org.testng.remote.RemoteTestNG.initAndRun(RemoteTestNG.java:251)
at org.testng.remote.RemoteTestNG.main(RemoteTestNG.java:77)
]]>
            </full-stacktrace>
          </exception> <!-- org.apache.poi.EmptyFileException -->
          <reporter-output>
          </reporter-output>
        </test-method> <!-- addNewNewsinformationtotheNewsPage -->
        <test-method status="PASS" signature="browserQuit(org.testng.ITestResult)[pri:0, instance:com.obsqura.Testscripts.MAnageNewsTest@6743e411]" name="browserQuit" is-config="true" duration-ms="879" started-at="2023-04-26T08:37:55 IST" finished-at="2023-04-26T08:37:56 IST">
          <params>
            <param index="0">
              <value>
                <![CDATA[[TestResult name=addNewNewsinformationtotheNewsPage status=SKIP method=MAnageNewsTest.addNewNewsinformationtotheNewsPage()[pri:0, instance:com.obsqura.Testscripts.MAnageNewsTest@6743e411] output={null}]]]>
              </value>
            </param>
          </params>
          <reporter-output>
          </reporter-output>
        </test-method> <!-- browserQuit -->
        <test-method status="PASS" signature="initilizeBrowser(java.lang.String)[pri:0, instance:com.obsqura.Testscripts.MAnageNewsTest@6743e411]" name="initilizeBrowser" is-config="true" duration-ms="5110" started-at="2023-04-26T08:37:56 IST" finished-at="2023-04-26T08:38:01 IST">
          <params>
            <param index="0">
              <value>
                <![CDATA[chrome]]>
              </value>
            </param>
          </params>
          <reporter-output>
          </reporter-output>
        </test-method> <!-- initilizeBrowser -->
        <test-method status="FAIL" signature="addNewNewsinformationtotheNewsPage()[pri:0, instance:com.obsqura.Testscripts.MAnageNewsTest@6743e411]" name="addNewNewsinformationtotheNewsPage" duration-ms="1" started-at="2023-04-26T08:38:01 IST" finished-at="2023-04-26T08:38:01 IST">
          <exception class="org.apache.poi.EmptyFileException">
            <message>
              <![CDATA[The supplied file was empty (zero bytes long)]]>
            </message>
            <full-stacktrace>
              <![CDATA[org.apache.poi.EmptyFileException: The supplied file was empty (zero bytes long)
at org.apache.poi.util.IOUtils.peekFirstNBytes(IOUtils.java:144)
at org.apache.poi.poifs.filesystem.FileMagic.valueOf(FileMagic.java:209)
at org.apache.poi.openxml4j.opc.internal.ZipHelper.verifyZipHeader(ZipHelper.java:143)
at org.apache.poi.openxml4j.opc.internal.ZipHelper.openZipStream(ZipHelper.java:175)
at org.apache.poi.openxml4j.opc.ZipPackage.<init>(ZipPackage.java:130)
at org.apache.poi.openxml4j.opc.OPCPackage.open(OPCPackage.java:312)
at org.apache.poi.ooxml.util.PackageHelper.open(PackageHelper.java:59)
at org.apache.poi.xssf.usermodel.XSSFWorkbook.<init>(XSSFWorkbook.java:289)
at org.apache.poi.xssf.usermodel.XSSFWorkbook.<init>(XSSFWorkbook.java:285)
at utilities.ExcelUtility.getString(ExcelUtility.java:65)
at com.obsqura.Testscripts.MAnageNewsTest.addNewNewsinformationtotheNewsPage(MAnageNewsTest.java:28)
at sun.reflect.NativeMethodAccessorImpl.invoke0(Native Method)
at sun.reflect.NativeMethodAccessorImpl.invoke(NativeMethodAccessorImpl.java:62)
at sun.reflect.DelegatingMethodAccessorImpl.invoke(DelegatingMethodAccessorImpl.java:43)
at java.lang.reflect.Method.invoke(Method.java:498)
at org.testng.internal.MethodInvocationHelper.invokeMethod(MethodInvocationHelper.java:133)
at org.testng.internal.TestInvoker.invokeMethod(TestInvoker.java:598)
at org.testng.internal.TestInvoker.retryFailed(TestInvoker.java:213)
at org.testng.internal.MethodRunner.runInSequence(MethodRunner.java:58)
at org.testng.internal.TestInvoker$MethodInvocationAgent.invoke(TestInvoker.java:824)
at org.testng.internal.TestInvoker.invokeTestMethods(TestInvoker.java:146)
at org.testng.internal.TestMethodWorker.invokeTestMethods(TestMethodWorker.java:146)
at org.testng.internal.TestMethodWorker.run(TestMethodWorker.java:128)
at java.util.ArrayList.forEach(ArrayList.java:1257)
at org.testng.TestRunner.privateRun(TestRunner.java:794)
at org.testng.TestRunner.run(TestRunner.java:596)
at org.testng.SuiteRunner.runTest(SuiteRunner.java:377)
at org.testng.SuiteRunner.runSequentially(SuiteRunner.java:371)
at org.testng.SuiteRunner.privateRun(SuiteRunner.java:332)
at org.testng.SuiteRunner.run(SuiteRunner.java:276)
at org.testng.SuiteRunnerWorker.runSuite(SuiteRunnerWorker.java:53)
at org.testng.SuiteRunnerWorker.run(SuiteRunnerWorker.java:96)
at org.testng.TestNG.runSuitesSequentially(TestNG.java:1212)
at org.testng.TestNG.runSuitesLocally(TestNG.java:1134)
at org.testng.TestNG.runSuites(TestNG.java:1063)
at org.testng.TestNG.run(TestNG.java:1031)
at org.testng.remote.AbstractRemoteTestNG.run(AbstractRemoteTestNG.java:115)
at org.testng.remote.RemoteTestNG.initAndRun(RemoteTestNG.java:251)
at org.testng.remote.RemoteTestNG.main(RemoteTestNG.java:77)
]]>
            </full-stacktrace>
          </exception> <!-- org.apache.poi.EmptyFileException -->
          <reporter-output>
          </reporter-output>
        </test-method> <!-- addNewNewsinformationtotheNewsPage -->
        <test-method status="PASS" signature="browserQuit(org.testng.ITestResult)[pri:0, instance:com.obsqura.Testscripts.MAnageNewsTest@6743e411]" name="browserQuit" is-config="true" duration-ms="1082" started-at="2023-04-26T08:38:01 IST" finished-at="2023-04-26T08:38:02 IST">
          <params>
            <param index="0">
              <value>
                <![CDATA[[TestResult name=addNewNewsinformationtotheNewsPage status=FAILURE method=MAnageNewsTest.addNewNewsinformationtotheNewsPage()[pri:0, instance:com.obsqura.Testscripts.MAnageNewsTest@6743e411] output={null}]]]>
              </value>
            </param>
          </params>
          <reporter-output>
          </reporter-output>
        </test-method> <!-- browserQuit -->
      </class> <!-- com.obsqura.Testscripts.MAnageNewsTest -->
      <class name="com.obsqura.Testscripts.ManageLocationTest">
        <test-method status="PASS" signature="initilizeBrowser(java.lang.String)[pri:0, instance:com.obsqura.Testscripts.ManageLocationTest@662ac478]" name="initilizeBrowser" is-config="true" duration-ms="4381" started-at="2023-04-26T08:37:31 IST" finished-at="2023-04-26T08:37:35 IST">
          <params>
            <param index="0">
              <value>
                <![CDATA[chrome]]>
              </value>
            </param>
          </params>
          <reporter-output>
          </reporter-output>
        </test-method> <!-- initilizeBrowser -->
        <test-method status="SKIP" signature="addnewLocationTotheManageLocationPage()[pri:0, instance:com.obsqura.Testscripts.ManageLocationTest@662ac478]" name="addnewLocationTotheManageLocationPage" duration-ms="2" retried="true" started-at="2023-04-26T08:37:35 IST" finished-at="2023-04-26T08:37:35 IST">
          <exception class="org.apache.poi.EmptyFileException">
            <message>
              <![CDATA[The supplied file was empty (zero bytes long)]]>
            </message>
            <full-stacktrace>
              <![CDATA[org.apache.poi.EmptyFileException: The supplied file was empty (zero bytes long)
at org.apache.poi.util.IOUtils.peekFirstNBytes(IOUtils.java:144)
at org.apache.poi.poifs.filesystem.FileMagic.valueOf(FileMagic.java:209)
at org.apache.poi.openxml4j.opc.internal.ZipHelper.verifyZipHeader(ZipHelper.java:143)
at org.apache.poi.openxml4j.opc.internal.ZipHelper.openZipStream(ZipHelper.java:175)
at org.apache.poi.openxml4j.opc.ZipPackage.<init>(ZipPackage.java:130)
at org.apache.poi.openxml4j.opc.OPCPackage.open(OPCPackage.java:312)
at org.apache.poi.ooxml.util.PackageHelper.open(PackageHelper.java:59)
at org.apache.poi.xssf.usermodel.XSSFWorkbook.<init>(XSSFWorkbook.java:289)
at org.apache.poi.xssf.usermodel.XSSFWorkbook.<init>(XSSFWorkbook.java:285)
at utilities.ExcelUtility.getNumeric(ExcelUtility.java:76)
at com.obsqura.Testscripts.ManageLocationTest.addnewLocationTotheManageLocationPage(ManageLocationTest.java:24)
at sun.reflect.NativeMethodAccessorImpl.invoke0(Native Method)
at sun.reflect.NativeMethodAccessorImpl.invoke(NativeMethodAccessorImpl.java:62)
at sun.reflect.DelegatingMethodAccessorImpl.invoke(DelegatingMethodAccessorImpl.java:43)
at java.lang.reflect.Method.invoke(Method.java:498)
at org.testng.internal.MethodInvocationHelper.invokeMethod(MethodInvocationHelper.java:133)
at org.testng.internal.TestInvoker.invokeMethod(TestInvoker.java:598)
at org.testng.internal.TestInvoker.invokeTestMethod(TestInvoker.java:173)
at org.testng.internal.MethodRunner.runInSequence(MethodRunner.java:46)
at org.testng.internal.TestInvoker$MethodInvocationAgent.invoke(TestInvoker.java:824)
at org.testng.internal.TestInvoker.invokeTestMethods(TestInvoker.java:146)
at org.testng.internal.TestMethodWorker.invokeTestMethods(TestMethodWorker.java:146)
at org.testng.internal.TestMethodWorker.run(TestMethodWorker.java:128)
at java.util.ArrayList.forEach(ArrayList.java:1257)
at org.testng.TestRunner.privateRun(TestRunner.java:794)
at org.testng.TestRunner.run(TestRunner.java:596)
at org.testng.SuiteRunner.runTest(SuiteRunner.java:377)
at org.testng.SuiteRunner.runSequentially(SuiteRunner.java:371)
at org.testng.SuiteRunner.privateRun(SuiteRunner.java:332)
at org.testng.SuiteRunner.run(SuiteRunner.java:276)
at org.testng.SuiteRunnerWorker.runSuite(SuiteRunnerWorker.java:53)
at org.testng.SuiteRunnerWorker.run(SuiteRunnerWorker.java:96)
at org.testng.TestNG.runSuitesSequentially(TestNG.java:1212)
at org.testng.TestNG.runSuitesLocally(TestNG.java:1134)
at org.testng.TestNG.runSuites(TestNG.java:1063)
at org.testng.TestNG.run(TestNG.java:1031)
at org.testng.remote.AbstractRemoteTestNG.run(AbstractRemoteTestNG.java:115)
at org.testng.remote.RemoteTestNG.initAndRun(RemoteTestNG.java:251)
at org.testng.remote.RemoteTestNG.main(RemoteTestNG.java:77)
]]>
            </full-stacktrace>
          </exception> <!-- org.apache.poi.EmptyFileException -->
          <reporter-output>
          </reporter-output>
        </test-method> <!-- addnewLocationTotheManageLocationPage -->
        <test-method status="PASS" signature="browserQuit(org.testng.ITestResult)[pri:0, instance:com.obsqura.Testscripts.ManageLocationTest@662ac478]" name="browserQuit" is-config="true" duration-ms="774" started-at="2023-04-26T08:37:35 IST" finished-at="2023-04-26T08:37:36 IST">
          <params>
            <param index="0">
              <value>
                <![CDATA[[TestResult name=addnewLocationTotheManageLocationPage status=SKIP method=ManageLocationTest.addnewLocationTotheManageLocationPage()[pri:0, instance:com.obsqura.Testscripts.ManageLocationTest@662ac478] output={null}]]]>
              </value>
            </param>
          </params>
          <reporter-output>
          </reporter-output>
        </test-method> <!-- browserQuit -->
        <test-method status="PASS" signature="initilizeBrowser(java.lang.String)[pri:0, instance:com.obsqura.Testscripts.ManageLocationTest@662ac478]" name="initilizeBrowser" is-config="true" duration-ms="4026" started-at="2023-04-26T08:37:36 IST" finished-at="2023-04-26T08:37:40 IST">
          <params>
            <param index="0">
              <value>
                <![CDATA[chrome]]>
              </value>
            </param>
          </params>
          <reporter-output>
          </reporter-output>
        </test-method> <!-- initilizeBrowser -->
        <test-method status="FAIL" signature="addnewLocationTotheManageLocationPage()[pri:0, instance:com.obsqura.Testscripts.ManageLocationTest@662ac478]" name="addnewLocationTotheManageLocationPage" duration-ms="2" started-at="2023-04-26T08:37:40 IST" finished-at="2023-04-26T08:37:40 IST">
          <exception class="org.apache.poi.EmptyFileException">
            <message>
              <![CDATA[The supplied file was empty (zero bytes long)]]>
            </message>
            <full-stacktrace>
              <![CDATA[org.apache.poi.EmptyFileException: The supplied file was empty (zero bytes long)
at org.apache.poi.util.IOUtils.peekFirstNBytes(IOUtils.java:144)
at org.apache.poi.poifs.filesystem.FileMagic.valueOf(FileMagic.java:209)
at org.apache.poi.openxml4j.opc.internal.ZipHelper.verifyZipHeader(ZipHelper.java:143)
at org.apache.poi.openxml4j.opc.internal.ZipHelper.openZipStream(ZipHelper.java:175)
at org.apache.poi.openxml4j.opc.ZipPackage.<init>(ZipPackage.java:130)
at org.apache.poi.openxml4j.opc.OPCPackage.open(OPCPackage.java:312)
at org.apache.poi.ooxml.util.PackageHelper.open(PackageHelper.java:59)
at org.apache.poi.xssf.usermodel.XSSFWorkbook.<init>(XSSFWorkbook.java:289)
at org.apache.poi.xssf.usermodel.XSSFWorkbook.<init>(XSSFWorkbook.java:285)
at utilities.ExcelUtility.getNumeric(ExcelUtility.java:76)
at com.obsqura.Testscripts.ManageLocationTest.addnewLocationTotheManageLocationPage(ManageLocationTest.java:24)
at sun.reflect.NativeMethodAccessorImpl.invoke0(Native Method)
at sun.reflect.NativeMethodAccessorImpl.invoke(NativeMethodAccessorImpl.java:62)
at sun.reflect.DelegatingMethodAccessorImpl.invoke(DelegatingMethodAccessorImpl.java:43)
at java.lang.reflect.Method.invoke(Method.java:498)
at org.testng.internal.MethodInvocationHelper.invokeMethod(MethodInvocationHelper.java:133)
at org.testng.internal.TestInvoker.invokeMethod(TestInvoker.java:598)
at org.testng.internal.TestInvoker.retryFailed(TestInvoker.java:213)
at org.testng.internal.MethodRunner.runInSequence(MethodRunner.java:58)
at org.testng.internal.TestInvoker$MethodInvocationAgent.invoke(TestInvoker.java:824)
at org.testng.internal.TestInvoker.invokeTestMethods(TestInvoker.java:146)
at org.testng.internal.TestMethodWorker.invokeTestMethods(TestMethodWorker.java:146)
at org.testng.internal.TestMethodWorker.run(TestMethodWorker.java:128)
at java.util.ArrayList.forEach(ArrayList.java:1257)
at org.testng.TestRunner.privateRun(TestRunner.java:794)
at org.testng.TestRunner.run(TestRunner.java:596)
at org.testng.SuiteRunner.runTest(SuiteRunner.java:377)
at org.testng.SuiteRunner.runSequentially(SuiteRunner.java:371)
at org.testng.SuiteRunner.privateRun(SuiteRunner.java:332)
at org.testng.SuiteRunner.run(SuiteRunner.java:276)
at org.testng.SuiteRunnerWorker.runSuite(SuiteRunnerWorker.java:53)
at org.testng.SuiteRunnerWorker.run(SuiteRunnerWorker.java:96)
at org.testng.TestNG.runSuitesSequentially(TestNG.java:1212)
at org.testng.TestNG.runSuitesLocally(TestNG.java:1134)
at org.testng.TestNG.runSuites(TestNG.java:1063)
at org.testng.TestNG.run(TestNG.java:1031)
at org.testng.remote.AbstractRemoteTestNG.run(AbstractRemoteTestNG.java:115)
at org.testng.remote.RemoteTestNG.initAndRun(RemoteTestNG.java:251)
at org.testng.remote.RemoteTestNG.main(RemoteTestNG.java:77)
]]>
            </full-stacktrace>
          </exception> <!-- org.apache.poi.EmptyFileException -->
          <reporter-output>
          </reporter-output>
        </test-method> <!-- addnewLocationTotheManageLocationPage -->
        <test-method status="PASS" signature="browserQuit(org.testng.ITestResult)[pri:0, instance:com.obsqura.Testscripts.ManageLocationTest@662ac478]" name="browserQuit" is-config="true" duration-ms="1281" started-at="2023-04-26T08:37:40 IST" finished-at="2023-04-26T08:37:41 IST">
          <params>
            <param index="0">
              <value>
                <![CDATA[[TestResult name=addnewLocationTotheManageLocationPage status=FAILURE method=ManageLocationTest.addnewLocationTotheManageLocationPage()[pri:0, instance:com.obsqura.Testscripts.ManageLocationTest@662ac478] output={null}]]]>
              </value>
            </param>
          </params>
          <reporter-output>
          </reporter-output>
        </test-method> <!-- browserQuit -->
        <test-method status="PASS" signature="initilizeBrowser(java.lang.String)[pri:0, instance:com.obsqura.Testscripts.ManageLocationTest@662ac478]" name="initilizeBrowser" is-config="true" duration-ms="4055" started-at="2023-04-26T08:37:41 IST" finished-at="2023-04-26T08:37:45 IST">
          <params>
            <param index="0">
              <value>
                <![CDATA[chrome]]>
              </value>
            </param>
          </params>
          <reporter-output>
          </reporter-output>
        </test-method> <!-- initilizeBrowser -->
        <test-method status="SKIP" signature="searchLoactionfromtheListofLocations()[pri:0, instance:com.obsqura.Testscripts.ManageLocationTest@662ac478]" name="searchLoactionfromtheListofLocations" duration-ms="6" retried="true" started-at="2023-04-26T08:37:45 IST" finished-at="2023-04-26T08:37:45 IST">
          <exception class="org.apache.poi.EmptyFileException">
            <message>
              <![CDATA[The supplied file was empty (zero bytes long)]]>
            </message>
            <full-stacktrace>
              <![CDATA[org.apache.poi.EmptyFileException: The supplied file was empty (zero bytes long)
at org.apache.poi.util.IOUtils.peekFirstNBytes(IOUtils.java:144)
at org.apache.poi.poifs.filesystem.FileMagic.valueOf(FileMagic.java:209)
at org.apache.poi.openxml4j.opc.internal.ZipHelper.verifyZipHeader(ZipHelper.java:143)
at org.apache.poi.openxml4j.opc.internal.ZipHelper.openZipStream(ZipHelper.java:175)
at org.apache.poi.openxml4j.opc.ZipPackage.<init>(ZipPackage.java:130)
at org.apache.poi.openxml4j.opc.OPCPackage.open(OPCPackage.java:312)
at org.apache.poi.ooxml.util.PackageHelper.open(PackageHelper.java:59)
at org.apache.poi.xssf.usermodel.XSSFWorkbook.<init>(XSSFWorkbook.java:289)
at org.apache.poi.xssf.usermodel.XSSFWorkbook.<init>(XSSFWorkbook.java:285)
at utilities.ExcelUtility.getString(ExcelUtility.java:65)
at com.obsqura.Testscripts.Login.verifyLoginwithValidUseranmeAndPassword(Login.java:32)
at com.obsqura.Testscripts.ManageLocationTest.searchLoactionfromtheListofLocations(ManageLocationTest.java:39)
at sun.reflect.NativeMethodAccessorImpl.invoke0(Native Method)
at sun.reflect.NativeMethodAccessorImpl.invoke(NativeMethodAccessorImpl.java:62)
at sun.reflect.DelegatingMethodAccessorImpl.invoke(DelegatingMethodAccessorImpl.java:43)
at java.lang.reflect.Method.invoke(Method.java:498)
at org.testng.internal.MethodInvocationHelper.invokeMethod(MethodInvocationHelper.java:133)
at org.testng.internal.TestInvoker.invokeMethod(TestInvoker.java:598)
at org.testng.internal.TestInvoker.invokeTestMethod(TestInvoker.java:173)
at org.testng.internal.MethodRunner.runInSequence(MethodRunner.java:46)
at org.testng.internal.TestInvoker$MethodInvocationAgent.invoke(TestInvoker.java:824)
at org.testng.internal.TestInvoker.invokeTestMethods(TestInvoker.java:146)
at org.testng.internal.TestMethodWorker.invokeTestMethods(TestMethodWorker.java:146)
at org.testng.internal.TestMethodWorker.run(TestMethodWorker.java:128)
at java.util.ArrayList.forEach(ArrayList.java:1257)
at org.testng.TestRunner.privateRun(TestRunner.java:794)
at org.testng.TestRunner.run(TestRunner.java:596)
at org.testng.SuiteRunner.runTest(SuiteRunner.java:377)
at org.testng.SuiteRunner.runSequentially(SuiteRunner.java:371)
at org.testng.SuiteRunner.privateRun(SuiteRunner.java:332)
at org.testng.SuiteRunner.run(SuiteRunner.java:276)
at org.testng.SuiteRunnerWorker.runSuite(SuiteRunnerWorker.java:53)
at org.testng.SuiteRunnerWorker.run(SuiteRunnerWorker.java:96)
at org.testng.TestNG.runSuitesSequentially(TestNG.java:1212)
at org.testng.TestNG.runSuitesLocally(TestNG.java:1134)
at org.testng.TestNG.runSuites(TestNG.java:1063)
at org.testng.TestNG.run(TestNG.java:1031)
at org.testng.remote.AbstractRemoteTestNG.run(AbstractRemoteTestNG.java:115)
at org.testng.remote.RemoteTestNG.initAndRun(RemoteTestNG.java:251)
at org.testng.remote.RemoteTestNG.main(RemoteTestNG.java:77)
]]>
            </full-stacktrace>
          </exception> <!-- org.apache.poi.EmptyFileException -->
          <reporter-output>
          </reporter-output>
        </test-method> <!-- searchLoactionfromtheListofLocations -->
        <test-method status="PASS" signature="browserQuit(org.testng.ITestResult)[pri:0, instance:com.obsqura.Testscripts.ManageLocationTest@662ac478]" name="browserQuit" is-config="true" duration-ms="794" started-at="2023-04-26T08:37:45 IST" finished-at="2023-04-26T08:37:46 IST">
          <params>
            <param index="0">
              <value>
                <![CDATA[[TestResult name=searchLoactionfromtheListofLocations status=SKIP method=ManageLocationTest.searchLoactionfromtheListofLocations()[pri:0, instance:com.obsqura.Testscripts.ManageLocationTest@662ac478] output={null}]]]>
              </value>
            </param>
          </params>
          <reporter-output>
          </reporter-output>
        </test-method> <!-- browserQuit -->
        <test-method status="PASS" signature="initilizeBrowser(java.lang.String)[pri:0, instance:com.obsqura.Testscripts.ManageLocationTest@662ac478]" name="initilizeBrowser" is-config="true" duration-ms="3597" started-at="2023-04-26T08:37:46 IST" finished-at="2023-04-26T08:37:50 IST">
          <params>
            <param index="0">
              <value>
                <![CDATA[chrome]]>
              </value>
            </param>
          </params>
          <reporter-output>
          </reporter-output>
        </test-method> <!-- initilizeBrowser -->
        <test-method status="FAIL" signature="searchLoactionfromtheListofLocations()[pri:0, instance:com.obsqura.Testscripts.ManageLocationTest@662ac478]" name="searchLoactionfromtheListofLocations" duration-ms="1" started-at="2023-04-26T08:37:50 IST" finished-at="2023-04-26T08:37:50 IST">
          <exception class="org.apache.poi.EmptyFileException">
            <message>
              <![CDATA[The supplied file was empty (zero bytes long)]]>
            </message>
            <full-stacktrace>
              <![CDATA[org.apache.poi.EmptyFileException: The supplied file was empty (zero bytes long)
at org.apache.poi.util.IOUtils.peekFirstNBytes(IOUtils.java:144)
at org.apache.poi.poifs.filesystem.FileMagic.valueOf(FileMagic.java:209)
at org.apache.poi.openxml4j.opc.internal.ZipHelper.verifyZipHeader(ZipHelper.java:143)
at org.apache.poi.openxml4j.opc.internal.ZipHelper.openZipStream(ZipHelper.java:175)
at org.apache.poi.openxml4j.opc.ZipPackage.<init>(ZipPackage.java:130)
at org.apache.poi.openxml4j.opc.OPCPackage.open(OPCPackage.java:312)
at org.apache.poi.ooxml.util.PackageHelper.open(PackageHelper.java:59)
at org.apache.poi.xssf.usermodel.XSSFWorkbook.<init>(XSSFWorkbook.java:289)
at org.apache.poi.xssf.usermodel.XSSFWorkbook.<init>(XSSFWorkbook.java:285)
at utilities.ExcelUtility.getString(ExcelUtility.java:65)
at com.obsqura.Testscripts.Login.verifyLoginwithValidUseranmeAndPassword(Login.java:32)
at com.obsqura.Testscripts.ManageLocationTest.searchLoactionfromtheListofLocations(ManageLocationTest.java:39)
at sun.reflect.NativeMethodAccessorImpl.invoke0(Native Method)
at sun.reflect.NativeMethodAccessorImpl.invoke(NativeMethodAccessorImpl.java:62)
at sun.reflect.DelegatingMethodAccessorImpl.invoke(DelegatingMethodAccessorImpl.java:43)
at java.lang.reflect.Method.invoke(Method.java:498)
at org.testng.internal.MethodInvocationHelper.invokeMethod(MethodInvocationHelper.java:133)
at org.testng.internal.TestInvoker.invokeMethod(TestInvoker.java:598)
at org.testng.internal.TestInvoker.retryFailed(TestInvoker.java:213)
at org.testng.internal.MethodRunner.runInSequence(MethodRunner.java:58)
at org.testng.internal.TestInvoker$MethodInvocationAgent.invoke(TestInvoker.java:824)
at org.testng.internal.TestInvoker.invokeTestMethods(TestInvoker.java:146)
at org.testng.internal.TestMethodWorker.invokeTestMethods(TestMethodWorker.java:146)
at org.testng.internal.TestMethodWorker.run(TestMethodWorker.java:128)
at java.util.ArrayList.forEach(ArrayList.java:1257)
at org.testng.TestRunner.privateRun(TestRunner.java:794)
at org.testng.TestRunner.run(TestRunner.java:596)
at org.testng.SuiteRunner.runTest(SuiteRunner.java:377)
at org.testng.SuiteRunner.runSequentially(SuiteRunner.java:371)
at org.testng.SuiteRunner.privateRun(SuiteRunner.java:332)
at org.testng.SuiteRunner.run(SuiteRunner.java:276)
at org.testng.SuiteRunnerWorker.runSuite(SuiteRunnerWorker.java:53)
at org.testng.SuiteRunnerWorker.run(SuiteRunnerWorker.java:96)
at org.testng.TestNG.runSuitesSequentially(TestNG.java:1212)
at org.testng.TestNG.runSuitesLocally(TestNG.java:1134)
at org.testng.TestNG.runSuites(TestNG.java:1063)
at org.testng.TestNG.run(TestNG.java:1031)
at org.testng.remote.AbstractRemoteTestNG.run(AbstractRemoteTestNG.java:115)
at org.testng.remote.RemoteTestNG.initAndRun(RemoteTestNG.java:251)
at org.testng.remote.RemoteTestNG.main(RemoteTestNG.java:77)
]]>
            </full-stacktrace>
          </exception> <!-- org.apache.poi.EmptyFileException -->
          <reporter-output>
          </reporter-output>
        </test-method> <!-- searchLoactionfromtheListofLocations -->
        <test-method status="PASS" signature="browserQuit(org.testng.ITestResult)[pri:0, instance:com.obsqura.Testscripts.ManageLocationTest@662ac478]" name="browserQuit" is-config="true" duration-ms="976" started-at="2023-04-26T08:37:50 IST" finished-at="2023-04-26T08:37:51 IST">
          <params>
            <param index="0">
              <value>
                <![CDATA[[TestResult name=searchLoactionfromtheListofLocations status=FAILURE method=ManageLocationTest.searchLoactionfromtheListofLocations()[pri:0, instance:com.obsqura.Testscripts.ManageLocationTest@662ac478] output={null}]]]>
              </value>
            </param>
          </params>
          <reporter-output>
          </reporter-output>
        </test-method> <!-- browserQuit -->
      </class> <!-- com.obsqura.Testscripts.ManageLocationTest -->
      <class name="com.obsqura.Testscripts.ManageFooterTextTest">
        <test-method status="PASS" signature="initilizeBrowser(java.lang.String)[pri:0, instance:com.obsqura.Testscripts.ManageFooterTextTest@229f66ed]" name="initilizeBrowser" is-config="true" duration-ms="3768" started-at="2023-04-26T08:37:18 IST" finished-at="2023-04-26T08:37:22 IST">
          <params>
            <param index="0">
              <value>
                <![CDATA[chrome]]>
              </value>
            </param>
          </params>
          <reporter-output>
          </reporter-output>
        </test-method> <!-- initilizeBrowser -->
        <test-method status="SKIP" signature="editAndUpdatemanagefootertext()[pri:0, instance:com.obsqura.Testscripts.ManageFooterTextTest@229f66ed]" name="editAndUpdatemanagefootertext" duration-ms="5" retried="true" started-at="2023-04-26T08:37:22 IST" finished-at="2023-04-26T08:37:22 IST">
          <exception class="org.apache.poi.EmptyFileException">
            <message>
              <![CDATA[The supplied file was empty (zero bytes long)]]>
            </message>
            <full-stacktrace>
              <![CDATA[org.apache.poi.EmptyFileException: The supplied file was empty (zero bytes long)
at org.apache.poi.util.IOUtils.peekFirstNBytes(IOUtils.java:144)
at org.apache.poi.poifs.filesystem.FileMagic.valueOf(FileMagic.java:209)
at org.apache.poi.openxml4j.opc.internal.ZipHelper.verifyZipHeader(ZipHelper.java:143)
at org.apache.poi.openxml4j.opc.internal.ZipHelper.openZipStream(ZipHelper.java:175)
at org.apache.poi.openxml4j.opc.ZipPackage.<init>(ZipPackage.java:130)
at org.apache.poi.openxml4j.opc.OPCPackage.open(OPCPackage.java:312)
at org.apache.poi.ooxml.util.PackageHelper.open(PackageHelper.java:59)
at org.apache.poi.xssf.usermodel.XSSFWorkbook.<init>(XSSFWorkbook.java:289)
at org.apache.poi.xssf.usermodel.XSSFWorkbook.<init>(XSSFWorkbook.java:285)
at utilities.ExcelUtility.getString(ExcelUtility.java:65)
at com.obsqura.Testscripts.ManageFooterTextTest.editAndUpdatemanagefootertext(ManageFooterTextTest.java:26)
at sun.reflect.NativeMethodAccessorImpl.invoke0(Native Method)
at sun.reflect.NativeMethodAccessorImpl.invoke(NativeMethodAccessorImpl.java:62)
at sun.reflect.DelegatingMethodAccessorImpl.invoke(DelegatingMethodAccessorImpl.java:43)
at java.lang.reflect.Method.invoke(Method.java:498)
at org.testng.internal.MethodInvocationHelper.invokeMethod(MethodInvocationHelper.java:133)
at org.testng.internal.TestInvoker.invokeMethod(TestInvoker.java:598)
at org.testng.internal.TestInvoker.invokeTestMethod(TestInvoker.java:173)
at org.testng.internal.MethodRunner.runInSequence(MethodRunner.java:46)
at org.testng.internal.TestInvoker$MethodInvocationAgent.invoke(TestInvoker.java:824)
at org.testng.internal.TestInvoker.invokeTestMethods(TestInvoker.java:146)
at org.testng.internal.TestMethodWorker.invokeTestMethods(TestMethodWorker.java:146)
at org.testng.internal.TestMethodWorker.run(TestMethodWorker.java:128)
at java.util.ArrayList.forEach(ArrayList.java:1257)
at org.testng.TestRunner.privateRun(TestRunner.java:794)
at org.testng.TestRunner.run(TestRunner.java:596)
at org.testng.SuiteRunner.runTest(SuiteRunner.java:377)
at org.testng.SuiteRunner.runSequentially(SuiteRunner.java:371)
at org.testng.SuiteRunner.privateRun(SuiteRunner.java:332)
at org.testng.SuiteRunner.run(SuiteRunner.java:276)
at org.testng.SuiteRunnerWorker.runSuite(SuiteRunnerWorker.java:53)
at org.testng.SuiteRunnerWorker.run(SuiteRunnerWorker.java:96)
at org.testng.TestNG.runSuitesSequentially(TestNG.java:1212)
at org.testng.TestNG.runSuitesLocally(TestNG.java:1134)
at org.testng.TestNG.runSuites(TestNG.java:1063)
at org.testng.TestNG.run(TestNG.java:1031)
at org.testng.remote.AbstractRemoteTestNG.run(AbstractRemoteTestNG.java:115)
at org.testng.remote.RemoteTestNG.initAndRun(RemoteTestNG.java:251)
at org.testng.remote.RemoteTestNG.main(RemoteTestNG.java:77)
]]>
            </full-stacktrace>
          </exception> <!-- org.apache.poi.EmptyFileException -->
          <reporter-output>
          </reporter-output>
        </test-method> <!-- editAndUpdatemanagefootertext -->
        <test-method status="PASS" signature="browserQuit(org.testng.ITestResult)[pri:0, instance:com.obsqura.Testscripts.ManageFooterTextTest@229f66ed]" name="browserQuit" is-config="true" duration-ms="816" started-at="2023-04-26T08:37:22 IST" finished-at="2023-04-26T08:37:22 IST">
          <params>
            <param index="0">
              <value>
                <![CDATA[[TestResult name=editAndUpdatemanagefootertext status=SKIP method=ManageFooterTextTest.editAndUpdatemanagefootertext()[pri:0, instance:com.obsqura.Testscripts.ManageFooterTextTest@229f66ed] output={null}]]]>
              </value>
            </param>
          </params>
          <reporter-output>
          </reporter-output>
        </test-method> <!-- browserQuit -->
        <test-method status="PASS" signature="initilizeBrowser(java.lang.String)[pri:0, instance:com.obsqura.Testscripts.ManageFooterTextTest@229f66ed]" name="initilizeBrowser" is-config="true" duration-ms="5122" started-at="2023-04-26T08:37:22 IST" finished-at="2023-04-26T08:37:28 IST">
          <params>
            <param index="0">
              <value>
                <![CDATA[chrome]]>
              </value>
            </param>
          </params>
          <reporter-output>
          </reporter-output>
        </test-method> <!-- initilizeBrowser -->
        <test-method status="FAIL" signature="editAndUpdatemanagefootertext()[pri:0, instance:com.obsqura.Testscripts.ManageFooterTextTest@229f66ed]" name="editAndUpdatemanagefootertext" duration-ms="2" started-at="2023-04-26T08:37:28 IST" finished-at="2023-04-26T08:37:28 IST">
          <exception class="org.apache.poi.EmptyFileException">
            <message>
              <![CDATA[The supplied file was empty (zero bytes long)]]>
            </message>
            <full-stacktrace>
              <![CDATA[org.apache.poi.EmptyFileException: The supplied file was empty (zero bytes long)
at org.apache.poi.util.IOUtils.peekFirstNBytes(IOUtils.java:144)
at org.apache.poi.poifs.filesystem.FileMagic.valueOf(FileMagic.java:209)
at org.apache.poi.openxml4j.opc.internal.ZipHelper.verifyZipHeader(ZipHelper.java:143)
at org.apache.poi.openxml4j.opc.internal.ZipHelper.openZipStream(ZipHelper.java:175)
at org.apache.poi.openxml4j.opc.ZipPackage.<init>(ZipPackage.java:130)
at org.apache.poi.openxml4j.opc.OPCPackage.open(OPCPackage.java:312)
at org.apache.poi.ooxml.util.PackageHelper.open(PackageHelper.java:59)
at org.apache.poi.xssf.usermodel.XSSFWorkbook.<init>(XSSFWorkbook.java:289)
at org.apache.poi.xssf.usermodel.XSSFWorkbook.<init>(XSSFWorkbook.java:285)
at utilities.ExcelUtility.getString(ExcelUtility.java:65)
at com.obsqura.Testscripts.ManageFooterTextTest.editAndUpdatemanagefootertext(ManageFooterTextTest.java:26)
at sun.reflect.NativeMethodAccessorImpl.invoke0(Native Method)
at sun.reflect.NativeMethodAccessorImpl.invoke(NativeMethodAccessorImpl.java:62)
at sun.reflect.DelegatingMethodAccessorImpl.invoke(DelegatingMethodAccessorImpl.java:43)
at java.lang.reflect.Method.invoke(Method.java:498)
at org.testng.internal.MethodInvocationHelper.invokeMethod(MethodInvocationHelper.java:133)
at org.testng.internal.TestInvoker.invokeMethod(TestInvoker.java:598)
at org.testng.internal.TestInvoker.retryFailed(TestInvoker.java:213)
at org.testng.internal.MethodRunner.runInSequence(MethodRunner.java:58)
at org.testng.internal.TestInvoker$MethodInvocationAgent.invoke(TestInvoker.java:824)
at org.testng.internal.TestInvoker.invokeTestMethods(TestInvoker.java:146)
at org.testng.internal.TestMethodWorker.invokeTestMethods(TestMethodWorker.java:146)
at org.testng.internal.TestMethodWorker.run(TestMethodWorker.java:128)
at java.util.ArrayList.forEach(ArrayList.java:1257)
at org.testng.TestRunner.privateRun(TestRunner.java:794)
at org.testng.TestRunner.run(TestRunner.java:596)
at org.testng.SuiteRunner.runTest(SuiteRunner.java:377)
at org.testng.SuiteRunner.runSequentially(SuiteRunner.java:371)
at org.testng.SuiteRunner.privateRun(SuiteRunner.java:332)
at org.testng.SuiteRunner.run(SuiteRunner.java:276)
at org.testng.SuiteRunnerWorker.runSuite(SuiteRunnerWorker.java:53)
at org.testng.SuiteRunnerWorker.run(SuiteRunnerWorker.java:96)
at org.testng.TestNG.runSuitesSequentially(TestNG.java:1212)
at org.testng.TestNG.runSuitesLocally(TestNG.java:1134)
at org.testng.TestNG.runSuites(TestNG.java:1063)
at org.testng.TestNG.run(TestNG.java:1031)
at org.testng.remote.AbstractRemoteTestNG.run(AbstractRemoteTestNG.java:115)
at org.testng.remote.RemoteTestNG.initAndRun(RemoteTestNG.java:251)
at org.testng.remote.RemoteTestNG.main(RemoteTestNG.java:77)
]]>
            </full-stacktrace>
          </exception> <!-- org.apache.poi.EmptyFileException -->
          <reporter-output>
          </reporter-output>
        </test-method> <!-- editAndUpdatemanagefootertext -->
        <test-method status="PASS" signature="browserQuit(org.testng.ITestResult)[pri:0, instance:com.obsqura.Testscripts.ManageFooterTextTest@229f66ed]" name="browserQuit" is-config="true" duration-ms="2072" started-at="2023-04-26T08:37:29 IST" finished-at="2023-04-26T08:37:31 IST">
          <params>
            <param index="0">
              <value>
                <![CDATA[[TestResult name=editAndUpdatemanagefootertext status=FAILURE method=ManageFooterTextTest.editAndUpdatemanagefootertext()[pri:0, instance:com.obsqura.Testscripts.ManageFooterTextTest@229f66ed] output={null}]]]>
              </value>
            </param>
          </params>
          <reporter-output>
          </reporter-output>
        </test-method> <!-- browserQuit -->
      </class> <!-- com.obsqura.Testscripts.ManageFooterTextTest -->
      <class name="com.obsqura.Testscripts.ManageExpenseTest">
        <test-method status="PASS" signature="initilizeBrowser(java.lang.String)[pri:0, instance:com.obsqura.Testscripts.ManageExpenseTest@f5958c9]" name="initilizeBrowser" is-config="true" duration-ms="3818" started-at="2023-04-26T08:39:05 IST" finished-at="2023-04-26T08:39:09 IST">
          <params>
            <param index="0">
              <value>
                <![CDATA[chrome]]>
              </value>
            </param>
          </params>
          <reporter-output>
          </reporter-output>
        </test-method> <!-- initilizeBrowser -->
        <test-method status="SKIP" signature="clickViewMoreArrowAndtocheckdisplaytheDetails()[pri:0, instance:com.obsqura.Testscripts.ManageExpenseTest@f5958c9]" name="clickViewMoreArrowAndtocheckdisplaytheDetails" duration-ms="1" retried="true" started-at="2023-04-26T08:39:09 IST" finished-at="2023-04-26T08:39:09 IST">
          <exception class="org.apache.poi.EmptyFileException">
            <message>
              <![CDATA[The supplied file was empty (zero bytes long)]]>
            </message>
            <full-stacktrace>
              <![CDATA[org.apache.poi.EmptyFileException: The supplied file was empty (zero bytes long)
at org.apache.poi.util.IOUtils.peekFirstNBytes(IOUtils.java:144)
at org.apache.poi.poifs.filesystem.FileMagic.valueOf(FileMagic.java:209)
at org.apache.poi.openxml4j.opc.internal.ZipHelper.verifyZipHeader(ZipHelper.java:143)
at org.apache.poi.openxml4j.opc.internal.ZipHelper.openZipStream(ZipHelper.java:175)
at org.apache.poi.openxml4j.opc.ZipPackage.<init>(ZipPackage.java:130)
at org.apache.poi.openxml4j.opc.OPCPackage.open(OPCPackage.java:312)
at org.apache.poi.ooxml.util.PackageHelper.open(PackageHelper.java:59)
at org.apache.poi.xssf.usermodel.XSSFWorkbook.<init>(XSSFWorkbook.java:289)
at org.apache.poi.xssf.usermodel.XSSFWorkbook.<init>(XSSFWorkbook.java:285)
at utilities.ExcelUtility.getString(ExcelUtility.java:65)
at com.obsqura.Testscripts.Login.verifyLoginwithValidUseranmeAndPassword(Login.java:32)
at com.obsqura.Testscripts.ManageExpenseTest.clickViewMoreArrowAndtocheckdisplaytheDetails(ManageExpenseTest.java:27)
at sun.reflect.NativeMethodAccessorImpl.invoke0(Native Method)
at sun.reflect.NativeMethodAccessorImpl.invoke(NativeMethodAccessorImpl.java:62)
at sun.reflect.DelegatingMethodAccessorImpl.invoke(DelegatingMethodAccessorImpl.java:43)
at java.lang.reflect.Method.invoke(Method.java:498)
at org.testng.internal.MethodInvocationHelper.invokeMethod(MethodInvocationHelper.java:133)
at org.testng.internal.TestInvoker.invokeMethod(TestInvoker.java:598)
at org.testng.internal.TestInvoker.invokeTestMethod(TestInvoker.java:173)
at org.testng.internal.MethodRunner.runInSequence(MethodRunner.java:46)
at org.testng.internal.TestInvoker$MethodInvocationAgent.invoke(TestInvoker.java:824)
at org.testng.internal.TestInvoker.invokeTestMethods(TestInvoker.java:146)
at org.testng.internal.TestMethodWorker.invokeTestMethods(TestMethodWorker.java:146)
at org.testng.internal.TestMethodWorker.run(TestMethodWorker.java:128)
at java.util.ArrayList.forEach(ArrayList.java:1257)
at org.testng.TestRunner.privateRun(TestRunner.java:794)
at org.testng.TestRunner.run(TestRunner.java:596)
at org.testng.SuiteRunner.runTest(SuiteRunner.java:377)
at org.testng.SuiteRunner.runSequentially(SuiteRunner.java:371)
at org.testng.SuiteRunner.privateRun(SuiteRunner.java:332)
at org.testng.SuiteRunner.run(SuiteRunner.java:276)
at org.testng.SuiteRunnerWorker.runSuite(SuiteRunnerWorker.java:53)
at org.testng.SuiteRunnerWorker.run(SuiteRunnerWorker.java:96)
at org.testng.TestNG.runSuitesSequentially(TestNG.java:1212)
at org.testng.TestNG.runSuitesLocally(TestNG.java:1134)
at org.testng.TestNG.runSuites(TestNG.java:1063)
at org.testng.TestNG.run(TestNG.java:1031)
at org.testng.remote.AbstractRemoteTestNG.run(AbstractRemoteTestNG.java:115)
at org.testng.remote.RemoteTestNG.initAndRun(RemoteTestNG.java:251)
at org.testng.remote.RemoteTestNG.main(RemoteTestNG.java:77)
]]>
            </full-stacktrace>
          </exception> <!-- org.apache.poi.EmptyFileException -->
          <reporter-output>
          </reporter-output>
        </test-method> <!-- clickViewMoreArrowAndtocheckdisplaytheDetails -->
        <test-method status="PASS" signature="browserQuit(org.testng.ITestResult)[pri:0, instance:com.obsqura.Testscripts.ManageExpenseTest@f5958c9]" name="browserQuit" is-config="true" duration-ms="773" started-at="2023-04-26T08:39:09 IST" finished-at="2023-04-26T08:39:10 IST">
          <params>
            <param index="0">
              <value>
                <![CDATA[[TestResult name=clickViewMoreArrowAndtocheckdisplaytheDetails status=SKIP method=ManageExpenseTest.clickViewMoreArrowAndtocheckdisplaytheDetails()[pri:0, instance:com.obsqura.Testscripts.ManageExpenseTest@f5958c9] output={null}]]]>
              </value>
            </param>
          </params>
          <reporter-output>
          </reporter-output>
        </test-method> <!-- browserQuit -->
        <test-method status="PASS" signature="initilizeBrowser(java.lang.String)[pri:0, instance:com.obsqura.Testscripts.ManageExpenseTest@f5958c9]" name="initilizeBrowser" is-config="true" duration-ms="4095" started-at="2023-04-26T08:39:10 IST" finished-at="2023-04-26T08:39:14 IST">
          <params>
            <param index="0">
              <value>
                <![CDATA[chrome]]>
              </value>
            </param>
          </params>
          <reporter-output>
          </reporter-output>
        </test-method> <!-- initilizeBrowser -->
        <test-method status="FAIL" signature="clickViewMoreArrowAndtocheckdisplaytheDetails()[pri:0, instance:com.obsqura.Testscripts.ManageExpenseTest@f5958c9]" name="clickViewMoreArrowAndtocheckdisplaytheDetails" duration-ms="2" started-at="2023-04-26T08:39:14 IST" finished-at="2023-04-26T08:39:14 IST">
          <exception class="org.apache.poi.EmptyFileException">
            <message>
              <![CDATA[The supplied file was empty (zero bytes long)]]>
            </message>
            <full-stacktrace>
              <![CDATA[org.apache.poi.EmptyFileException: The supplied file was empty (zero bytes long)
at org.apache.poi.util.IOUtils.peekFirstNBytes(IOUtils.java:144)
at org.apache.poi.poifs.filesystem.FileMagic.valueOf(FileMagic.java:209)
at org.apache.poi.openxml4j.opc.internal.ZipHelper.verifyZipHeader(ZipHelper.java:143)
at org.apache.poi.openxml4j.opc.internal.ZipHelper.openZipStream(ZipHelper.java:175)
at org.apache.poi.openxml4j.opc.ZipPackage.<init>(ZipPackage.java:130)
at org.apache.poi.openxml4j.opc.OPCPackage.open(OPCPackage.java:312)
at org.apache.poi.ooxml.util.PackageHelper.open(PackageHelper.java:59)
at org.apache.poi.xssf.usermodel.XSSFWorkbook.<init>(XSSFWorkbook.java:289)
at org.apache.poi.xssf.usermodel.XSSFWorkbook.<init>(XSSFWorkbook.java:285)
at utilities.ExcelUtility.getString(ExcelUtility.java:65)
at com.obsqura.Testscripts.Login.verifyLoginwithValidUseranmeAndPassword(Login.java:32)
at com.obsqura.Testscripts.ManageExpenseTest.clickViewMoreArrowAndtocheckdisplaytheDetails(ManageExpenseTest.java:27)
at sun.reflect.NativeMethodAccessorImpl.invoke0(Native Method)
at sun.reflect.NativeMethodAccessorImpl.invoke(NativeMethodAccessorImpl.java:62)
at sun.reflect.DelegatingMethodAccessorImpl.invoke(DelegatingMethodAccessorImpl.java:43)
at java.lang.reflect.Method.invoke(Method.java:498)
at org.testng.internal.MethodInvocationHelper.invokeMethod(MethodInvocationHelper.java:133)
at org.testng.internal.TestInvoker.invokeMethod(TestInvoker.java:598)
at org.testng.internal.TestInvoker.retryFailed(TestInvoker.java:213)
at org.testng.internal.MethodRunner.runInSequence(MethodRunner.java:58)
at org.testng.internal.TestInvoker$MethodInvocationAgent.invoke(TestInvoker.java:824)
at org.testng.internal.TestInvoker.invokeTestMethods(TestInvoker.java:146)
at org.testng.internal.TestMethodWorker.invokeTestMethods(TestMethodWorker.java:146)
at org.testng.internal.TestMethodWorker.run(TestMethodWorker.java:128)
at java.util.ArrayList.forEach(ArrayList.java:1257)
at org.testng.TestRunner.privateRun(TestRunner.java:794)
at org.testng.TestRunner.run(TestRunner.java:596)
at org.testng.SuiteRunner.runTest(SuiteRunner.java:377)
at org.testng.SuiteRunner.runSequentially(SuiteRunner.java:371)
at org.testng.SuiteRunner.privateRun(SuiteRunner.java:332)
at org.testng.SuiteRunner.run(SuiteRunner.java:276)
at org.testng.SuiteRunnerWorker.runSuite(SuiteRunnerWorker.java:53)
at org.testng.SuiteRunnerWorker.run(SuiteRunnerWorker.java:96)
at org.testng.TestNG.runSuitesSequentially(TestNG.java:1212)
at org.testng.TestNG.runSuitesLocally(TestNG.java:1134)
at org.testng.TestNG.runSuites(TestNG.java:1063)
at org.testng.TestNG.run(TestNG.java:1031)
at org.testng.remote.AbstractRemoteTestNG.run(AbstractRemoteTestNG.java:115)
at org.testng.remote.RemoteTestNG.initAndRun(RemoteTestNG.java:251)
at org.testng.remote.RemoteTestNG.main(RemoteTestNG.java:77)
]]>
            </full-stacktrace>
          </exception> <!-- org.apache.poi.EmptyFileException -->
          <reporter-output>
          </reporter-output>
        </test-method> <!-- clickViewMoreArrowAndtocheckdisplaytheDetails -->
        <test-method status="PASS" signature="browserQuit(org.testng.ITestResult)[pri:0, instance:com.obsqura.Testscripts.ManageExpenseTest@f5958c9]" name="browserQuit" is-config="true" duration-ms="982" started-at="2023-04-26T08:39:14 IST" finished-at="2023-04-26T08:39:15 IST">
          <params>
            <param index="0">
              <value>
                <![CDATA[[TestResult name=clickViewMoreArrowAndtocheckdisplaytheDetails status=FAILURE method=ManageExpenseTest.clickViewMoreArrowAndtocheckdisplaytheDetails()[pri:0, instance:com.obsqura.Testscripts.ManageExpenseTest@f5958c9] output={null}]]]>
              </value>
            </param>
          </params>
          <reporter-output>
          </reporter-output>
        </test-method> <!-- browserQuit -->
        <test-method status="PASS" signature="initilizeBrowser(java.lang.String)[pri:0, instance:com.obsqura.Testscripts.ManageExpenseTest@f5958c9]" name="initilizeBrowser" is-config="true" duration-ms="4238" started-at="2023-04-26T08:39:15 IST" finished-at="2023-04-26T08:39:19 IST">
          <params>
            <param index="0">
              <value>
                <![CDATA[chrome]]>
              </value>
            </param>
          </params>
          <reporter-output>
          </reporter-output>
        </test-method> <!-- initilizeBrowser -->
        <test-method status="SKIP" signature="clickdeletebuttontoVerifyelementisdeleted()[pri:0, instance:com.obsqura.Testscripts.ManageExpenseTest@f5958c9]" name="clickdeletebuttontoVerifyelementisdeleted" duration-ms="1" retried="true" started-at="2023-04-26T08:39:19 IST" finished-at="2023-04-26T08:39:19 IST">
          <exception class="org.apache.poi.EmptyFileException">
            <message>
              <![CDATA[The supplied file was empty (zero bytes long)]]>
            </message>
            <full-stacktrace>
              <![CDATA[org.apache.poi.EmptyFileException: The supplied file was empty (zero bytes long)
at org.apache.poi.util.IOUtils.peekFirstNBytes(IOUtils.java:144)
at org.apache.poi.poifs.filesystem.FileMagic.valueOf(FileMagic.java:209)
at org.apache.poi.openxml4j.opc.internal.ZipHelper.verifyZipHeader(ZipHelper.java:143)
at org.apache.poi.openxml4j.opc.internal.ZipHelper.openZipStream(ZipHelper.java:175)
at org.apache.poi.openxml4j.opc.ZipPackage.<init>(ZipPackage.java:130)
at org.apache.poi.openxml4j.opc.OPCPackage.open(OPCPackage.java:312)
at org.apache.poi.ooxml.util.PackageHelper.open(PackageHelper.java:59)
at org.apache.poi.xssf.usermodel.XSSFWorkbook.<init>(XSSFWorkbook.java:289)
at org.apache.poi.xssf.usermodel.XSSFWorkbook.<init>(XSSFWorkbook.java:285)
at utilities.ExcelUtility.getString(ExcelUtility.java:65)
at com.obsqura.Testscripts.Login.verifyLoginwithValidUseranmeAndPassword(Login.java:32)
at com.obsqura.Testscripts.ManageExpenseTest.clickdeletebuttontoVerifyelementisdeleted(ManageExpenseTest.java:41)
at sun.reflect.NativeMethodAccessorImpl.invoke0(Native Method)
at sun.reflect.NativeMethodAccessorImpl.invoke(NativeMethodAccessorImpl.java:62)
at sun.reflect.DelegatingMethodAccessorImpl.invoke(DelegatingMethodAccessorImpl.java:43)
at java.lang.reflect.Method.invoke(Method.java:498)
at org.testng.internal.MethodInvocationHelper.invokeMethod(MethodInvocationHelper.java:133)
at org.testng.internal.TestInvoker.invokeMethod(TestInvoker.java:598)
at org.testng.internal.TestInvoker.invokeTestMethod(TestInvoker.java:173)
at org.testng.internal.MethodRunner.runInSequence(MethodRunner.java:46)
at org.testng.internal.TestInvoker$MethodInvocationAgent.invoke(TestInvoker.java:824)
at org.testng.internal.TestInvoker.invokeTestMethods(TestInvoker.java:146)
at org.testng.internal.TestMethodWorker.invokeTestMethods(TestMethodWorker.java:146)
at org.testng.internal.TestMethodWorker.run(TestMethodWorker.java:128)
at java.util.ArrayList.forEach(ArrayList.java:1257)
at org.testng.TestRunner.privateRun(TestRunner.java:794)
at org.testng.TestRunner.run(TestRunner.java:596)
at org.testng.SuiteRunner.runTest(SuiteRunner.java:377)
at org.testng.SuiteRunner.runSequentially(SuiteRunner.java:371)
at org.testng.SuiteRunner.privateRun(SuiteRunner.java:332)
at org.testng.SuiteRunner.run(SuiteRunner.java:276)
at org.testng.SuiteRunnerWorker.runSuite(SuiteRunnerWorker.java:53)
at org.testng.SuiteRunnerWorker.run(SuiteRunnerWorker.java:96)
at org.testng.TestNG.runSuitesSequentially(TestNG.java:1212)
at org.testng.TestNG.runSuitesLocally(TestNG.java:1134)
at org.testng.TestNG.runSuites(TestNG.java:1063)
at org.testng.TestNG.run(TestNG.java:1031)
at org.testng.remote.AbstractRemoteTestNG.run(AbstractRemoteTestNG.java:115)
at org.testng.remote.RemoteTestNG.initAndRun(RemoteTestNG.java:251)
at org.testng.remote.RemoteTestNG.main(RemoteTestNG.java:77)
]]>
            </full-stacktrace>
          </exception> <!-- org.apache.poi.EmptyFileException -->
          <reporter-output>
          </reporter-output>
        </test-method> <!-- clickdeletebuttontoVerifyelementisdeleted -->
        <test-method status="PASS" signature="browserQuit(org.testng.ITestResult)[pri:0, instance:com.obsqura.Testscripts.ManageExpenseTest@f5958c9]" name="browserQuit" is-config="true" duration-ms="764" started-at="2023-04-26T08:39:19 IST" finished-at="2023-04-26T08:39:20 IST">
          <params>
            <param index="0">
              <value>
                <![CDATA[[TestResult name=clickdeletebuttontoVerifyelementisdeleted status=SKIP method=ManageExpenseTest.clickdeletebuttontoVerifyelementisdeleted()[pri:0, instance:com.obsqura.Testscripts.ManageExpenseTest@f5958c9] output={null}]]]>
              </value>
            </param>
          </params>
          <reporter-output>
          </reporter-output>
        </test-method> <!-- browserQuit -->
        <test-method status="PASS" signature="initilizeBrowser(java.lang.String)[pri:0, instance:com.obsqura.Testscripts.ManageExpenseTest@f5958c9]" name="initilizeBrowser" is-config="true" duration-ms="4050" started-at="2023-04-26T08:39:20 IST" finished-at="2023-04-26T08:39:24 IST">
          <params>
            <param index="0">
              <value>
                <![CDATA[chrome]]>
              </value>
            </param>
          </params>
          <reporter-output>
          </reporter-output>
        </test-method> <!-- initilizeBrowser -->
        <test-method status="FAIL" signature="clickdeletebuttontoVerifyelementisdeleted()[pri:0, instance:com.obsqura.Testscripts.ManageExpenseTest@f5958c9]" name="clickdeletebuttontoVerifyelementisdeleted" duration-ms="2" started-at="2023-04-26T08:39:24 IST" finished-at="2023-04-26T08:39:24 IST">
          <exception class="org.apache.poi.EmptyFileException">
            <message>
              <![CDATA[The supplied file was empty (zero bytes long)]]>
            </message>
            <full-stacktrace>
              <![CDATA[org.apache.poi.EmptyFileException: The supplied file was empty (zero bytes long)
at org.apache.poi.util.IOUtils.peekFirstNBytes(IOUtils.java:144)
at org.apache.poi.poifs.filesystem.FileMagic.valueOf(FileMagic.java:209)
at org.apache.poi.openxml4j.opc.internal.ZipHelper.verifyZipHeader(ZipHelper.java:143)
at org.apache.poi.openxml4j.opc.internal.ZipHelper.openZipStream(ZipHelper.java:175)
at org.apache.poi.openxml4j.opc.ZipPackage.<init>(ZipPackage.java:130)
at org.apache.poi.openxml4j.opc.OPCPackage.open(OPCPackage.java:312)
at org.apache.poi.ooxml.util.PackageHelper.open(PackageHelper.java:59)
at org.apache.poi.xssf.usermodel.XSSFWorkbook.<init>(XSSFWorkbook.java:289)
at org.apache.poi.xssf.usermodel.XSSFWorkbook.<init>(XSSFWorkbook.java:285)
at utilities.ExcelUtility.getString(ExcelUtility.java:65)
at com.obsqura.Testscripts.Login.verifyLoginwithValidUseranmeAndPassword(Login.java:32)
at com.obsqura.Testscripts.ManageExpenseTest.clickdeletebuttontoVerifyelementisdeleted(ManageExpenseTest.java:41)
at sun.reflect.NativeMethodAccessorImpl.invoke0(Native Method)
at sun.reflect.NativeMethodAccessorImpl.invoke(NativeMethodAccessorImpl.java:62)
at sun.reflect.DelegatingMethodAccessorImpl.invoke(DelegatingMethodAccessorImpl.java:43)
at java.lang.reflect.Method.invoke(Method.java:498)
at org.testng.internal.MethodInvocationHelper.invokeMethod(MethodInvocationHelper.java:133)
at org.testng.internal.TestInvoker.invokeMethod(TestInvoker.java:598)
at org.testng.internal.TestInvoker.retryFailed(TestInvoker.java:213)
at org.testng.internal.MethodRunner.runInSequence(MethodRunner.java:58)
at org.testng.internal.TestInvoker$MethodInvocationAgent.invoke(TestInvoker.java:824)
at org.testng.internal.TestInvoker.invokeTestMethods(TestInvoker.java:146)
at org.testng.internal.TestMethodWorker.invokeTestMethods(TestMethodWorker.java:146)
at org.testng.internal.TestMethodWorker.run(TestMethodWorker.java:128)
at java.util.ArrayList.forEach(ArrayList.java:1257)
at org.testng.TestRunner.privateRun(TestRunner.java:794)
at org.testng.TestRunner.run(TestRunner.java:596)
at org.testng.SuiteRunner.runTest(SuiteRunner.java:377)
at org.testng.SuiteRunner.runSequentially(SuiteRunner.java:371)
at org.testng.SuiteRunner.privateRun(SuiteRunner.java:332)
at org.testng.SuiteRunner.run(SuiteRunner.java:276)
at org.testng.SuiteRunnerWorker.runSuite(SuiteRunnerWorker.java:53)
at org.testng.SuiteRunnerWorker.run(SuiteRunnerWorker.java:96)
at org.testng.TestNG.runSuitesSequentially(TestNG.java:1212)
at org.testng.TestNG.runSuitesLocally(TestNG.java:1134)
at org.testng.TestNG.runSuites(TestNG.java:1063)
at org.testng.TestNG.run(TestNG.java:1031)
at org.testng.remote.AbstractRemoteTestNG.run(AbstractRemoteTestNG.java:115)
at org.testng.remote.RemoteTestNG.initAndRun(RemoteTestNG.java:251)
at org.testng.remote.RemoteTestNG.main(RemoteTestNG.java:77)
]]>
            </full-stacktrace>
          </exception> <!-- org.apache.poi.EmptyFileException -->
          <reporter-output>
          </reporter-output>
        </test-method> <!-- clickdeletebuttontoVerifyelementisdeleted -->
        <test-method status="PASS" signature="browserQuit(org.testng.ITestResult)[pri:0, instance:com.obsqura.Testscripts.ManageExpenseTest@f5958c9]" name="browserQuit" is-config="true" duration-ms="962" started-at="2023-04-26T08:39:24 IST" finished-at="2023-04-26T08:39:25 IST">
          <params>
            <param index="0">
              <value>
                <![CDATA[[TestResult name=clickdeletebuttontoVerifyelementisdeleted status=FAILURE method=ManageExpenseTest.clickdeletebuttontoVerifyelementisdeleted()[pri:0, instance:com.obsqura.Testscripts.ManageExpenseTest@f5958c9] output={null}]]]>
              </value>
            </param>
          </params>
          <reporter-output>
          </reporter-output>
        </test-method> <!-- browserQuit -->
      </class> <!-- com.obsqura.Testscripts.ManageExpenseTest -->
      <class name="com.obsqura.Testscripts.ManagePageTest">
        <test-method status="PASS" signature="initilizeBrowser(java.lang.String)[pri:0, instance:com.obsqura.Testscripts.ManagePageTest@3eb25e1a]" name="initilizeBrowser" is-config="true" duration-ms="4343" started-at="2023-04-26T08:38:02 IST" finished-at="2023-04-26T08:38:06 IST">
          <params>
            <param index="0">
              <value>
[...]
              </value>
            </param>
          </params>
          <reporter-output>
          </reporter-output>
        </test-method> <!-- browserQuit -->
        <test-method status="PASS" signature="initilizeBrowser(java.lang.String)[pri:0, instance:com.obsqura.Testscripts.ManagePaymentTest@477b4cdf]" name="initilizeBrowser" is-config="true" duration-ms="4231" started-at="2023-04-26T08:38:43 IST" finished-at="2023-04-26T08:38:47 IST">
          <params>
            <param index="0">
              <value>
                <![CDATA[chrome]]>
              </value>
            </param>
          </params>
          <reporter-output>
          </reporter-output>
        </test-method> <!-- initilizeBrowser -->
        <test-method status="FAIL" signature="managePaymentinformationStatusisChangedActiveAndInactive()[pri:0, instance:com.obsqura.Testscripts.ManagePaymentTest@477b4cdf]" name="managePaymentinformationStatusisChangedActiveAndInactive" duration-ms="1" started-at="2023-04-26T08:38:47 IST" finished-at="2023-04-26T08:38:47 IST">
          <exception class="org.apache.poi.EmptyFileException">
            <message>
              <![CDATA[The supplied file was empty (zero bytes long)]]>
            </message>
            <full-stacktrace>
              <![CDATA[org.apache.poi.EmptyFileException: The supplied file was empty (zero bytes long)
at org.apache.poi.util.IOUtils.peekFirstNBytes(IOUtils.java:144)
at org.apache.poi.poifs.filesystem.FileMagic.valueOf(FileMagic.java:209)
at org.apache.poi.openxml4j.opc.internal.ZipHelper.verifyZipHeader(ZipHelper.java:143)
at org.apache.poi.openxml4j.opc.internal.ZipHelper.openZipStream(ZipHelper.java:175)
at org.apache.poi.openxml4j.opc.ZipPackage.<init>(ZipPackage.java:130)
at org.apache.poi.openxml4j.opc.OPCPackage.open(OPCPackage.java:312)
at org.apache.poi.ooxml.util.PackageHelper.open(PackageHelper.java:59)
at org.apache.poi.xssf.usermodel.XSSFWorkbook.<init>(XSSFWorkbook.java:289)
at org.apache.poi.xssf.usermodel.XSSFWorkbook.<init>(XSSFWorkbook.java:285)
at utilities.ExcelUtility.getString(ExcelUtility.java:65)
at com.obsqura.Testscripts.ManagePaymentTest.managePaymentinformationStatusisChangedActiveAndInactive(ManagePaymentTest.java:28)
at sun.reflect.NativeMethodAccessorImpl.invoke0(Native Method)
at sun.reflect.NativeMethodAccessorImpl.invoke(NativeMethodAccessorImpl.java:62)
at sun.reflect.DelegatingMethodAccessorImpl.invoke(DelegatingMethodAccessorImpl.java:43)
at java.lang.reflect.Method.invoke(Method.java:498)
at org.testng.internal.MethodInvocationHelper.invokeMethod(MethodInvocationHelper.java:133)
at org.testng.internal.TestInvoker.invokeMethod(TestInvoker.java:598)
at org.testng.internal.TestInvoker.retryFailed(TestInvoker.java:213)
at org.testng.internal.MethodRunner.runInSequence(MethodRunner.java:58)
at org.testng.internal.TestInvoker$MethodInvocationAgent.invoke(TestInvoker.java:824)
at org.testng.internal.TestInvoker.invokeTestMethods(TestInvoker.java:146)
at org.testng.internal.TestMethodWorker.invokeTestMethods(TestMethodWorker.java:146)
at org.testng.internal.TestMethodWorker.run(TestMethodWorker.java:128)
at java.util.ArrayList.forEach(ArrayList.java:1257)
at org.testng.TestRunner.privateRun(TestRunner.java:794)
at org.testng.TestRunner.run(TestRunner.java:596)
at org.testng.SuiteRunner.runTest(SuiteRunner.java:377)
at org.testng.SuiteRunner.runSequentially(SuiteRunner.java:371)
at org.testng.SuiteRunner.privateRun(SuiteRunner.java:332)
at org.testng.SuiteRunner.run(SuiteRunner.java:276)
at org.testng.SuiteRunnerWorker.runSuite(SuiteRunnerWorker.java:53)
at org.testng.SuiteRunnerWorker.run(SuiteRunnerWorker.java:96)
at org.testng.TestNG.runSuitesSequentially(TestNG.java:1212)
at org.testng.TestNG.runSuitesLocally(TestNG.java:1134)
at org.testng.TestNG.runSuites(TestNG.java:1063)
at org.testng.TestNG.run(TestNG.java:1031)
at org.testng.remote.AbstractRemoteTestNG.run(AbstractRemoteTestNG.java:115)
at org.testng.remote.RemoteTestNG.initAndRun(RemoteTestNG.java:251)
at org.testng.remote.RemoteTestNG.main(RemoteTestNG.java:77)
]]>
            </full-stacktrace>
          </exception> <!-- org.apache.poi.EmptyFileException -->
          <reporter-output>
          </reporter-output>
        </test-method> <!-- managePaymentinformationStatusisChangedActiveAndInactive -->
        <test-method status="PASS" signature="browserQuit(org.testng.ITestResult)[pri:0, instance:com.obsqura.Testscripts.ManagePaymentTest@477b4cdf]" name="browserQuit" is-config="true" duration-ms="911" started-at="2023-04-26T08:38:47 IST" finished-at="2023-04-26T08:38:48 IST">
          <params>
            <param index="0">
              <value>
                <![CDATA[[TestResult name=managePaymentinformationStatusisChangedActiveAndInactive status=FAILURE method=ManagePaymentTest.managePaymentinformationStatusisChangedActiveAndInactive()[pri:0, instance:com.obsqura.Testscripts.ManagePaymentTest@477b4cdf] output={null}]]]>
              </value>
            </param>
          </params>
          <reporter-output>
          </reporter-output>
        </test-method> <!-- browserQuit -->
        <test-method status="PASS" signature="initilizeBrowser(java.lang.String)[pri:0, instance:com.obsqura.Testscripts.ManagePaymentTest@477b4cdf]" name="initilizeBrowser" is-config="true" duration-ms="6194" started-at="2023-04-26T08:38:48 IST" finished-at="2023-04-26T08:38:54 IST">
          <params>
            <param index="0">
              <value>
                <![CDATA[chrome]]>
              </value>
            </param>
          </params>
          <reporter-output>
          </reporter-output>
        </test-method> <!-- initilizeBrowser -->
        <test-method status="FAIL" signature="managePaymentresetButtonverify()[pri:0, instance:com.obsqura.Testscripts.ManagePaymentTest@477b4cdf]" name="managePaymentresetButtonverify" duration-ms="2" started-at="2023-04-26T08:38:54 IST" finished-at="2023-04-26T08:38:54 IST">
          <exception class="org.apache.poi.EmptyFileException">
            <message>
              <![CDATA[The supplied file was empty (zero bytes long)]]>
            </message>
            <full-stacktrace>
              <![CDATA[org.apache.poi.EmptyFileException: The supplied file was empty (zero bytes long)
at org.apache.poi.util.IOUtils.peekFirstNBytes(IOUtils.java:144)
at org.apache.poi.poifs.filesystem.FileMagic.valueOf(FileMagic.java:209)
at org.apache.poi.openxml4j.opc.internal.ZipHelper.verifyZipHeader(ZipHelper.java:143)
at org.apache.poi.openxml4j.opc.internal.ZipHelper.openZipStream(ZipHelper.java:175)
at org.apache.poi.openxml4j.opc.ZipPackage.<init>(ZipPackage.java:130)
at org.apache.poi.openxml4j.opc.OPCPackage.open(OPCPackage.java:312)
at org.apache.poi.ooxml.util.PackageHelper.open(PackageHelper.java:59)
at org.apache.poi.xssf.usermodel.XSSFWorkbook.<init>(XSSFWorkbook.java:289)
at org.apache.poi.xssf.usermodel.XSSFWorkbook.<init>(XSSFWorkbook.java:285)
at utilities.ExcelUtility.getString(ExcelUtility.java:65)
at com.obsqura.Testscripts.ManagePaymentTest.managePaymentresetButtonverify(ManagePaymentTest.java:59)
at sun.reflect.NativeMethodAccessorImpl.invoke0(Native Method)
at sun.reflect.NativeMethodAccessorImpl.invoke(NativeMethodAccessorImpl.java:62)
at sun.reflect.DelegatingMethodAccessorImpl.invoke(DelegatingMethodAccessorImpl.java:43)
at java.lang.reflect.Method.invoke(Method.java:498)
at org.testng.internal.MethodInvocationHelper.invokeMethod(MethodInvocationHelper.java:133)
at org.testng.internal.TestInvoker.invokeMethod(TestInvoker.java:598)
at org.testng.internal.TestInvoker.invokeTestMethod(TestInvoker.java:173)
at org.testng.internal.MethodRunner.runInSequence(MethodRunner.java:46)
at org.testng.internal.TestInvoker$MethodInvocationAgent.invoke(TestInvoker.java:824)
at org.testng.internal.TestInvoker.invokeTestMethods(TestInvoker.java:146)
at org.testng.internal.TestMethodWorker.invokeTestMethods(TestMethodWorker.java:146)
at org.testng.internal.TestMethodWorker.run(TestMethodWorker.java:128)
at java.util.ArrayList.forEach(ArrayList.java:1257)
at org.testng.TestRunner.privateRun(TestRunner.java:794)
at org.testng.TestRunner.run(TestRunner.java:596)
at org.testng.SuiteRunner.runTest(SuiteRunner.java:377)
at org.testng.SuiteRunner.runSequentially(SuiteRunner.java:371)
at org.testng.SuiteRunner.privateRun(SuiteRunner.java:332)
at org.testng.SuiteRunner.run(SuiteRunner.java:276)
at org.testng.SuiteRunnerWorker.runSuite(SuiteRunnerWorker.java:53)
at org.testng.SuiteRunnerWorker.run(SuiteRunnerWorker.java:96)
at org.testng.TestNG.runSuitesSequentially(TestNG.java:1212)
at org.testng.TestNG.runSuitesLocally(TestNG.java:1134)
at org.testng.TestNG.runSuites(TestNG.java:1063)
at org.testng.TestNG.run(TestNG.java:1031)
at org.testng.remote.AbstractRemoteTestNG.run(AbstractRemoteTestNG.java:115)
at org.testng.remote.RemoteTestNG.initAndRun(RemoteTestNG.java:251)
at org.testng.remote.RemoteTestNG.main(RemoteTestNG.java:77)
]]>
            </full-stacktrace>
          </exception> <!-- org.apache.poi.EmptyFileException -->
          <reporter-output>
          </reporter-output>
        </test-method> <!-- managePaymentresetButtonverify -->
        <test-method status="PASS" signature="browserQuit(org.testng.ITestResult)[pri:0, instance:com.obsqura.Testscripts.ManagePaymentTest@477b4cdf]" name="browserQuit" is-config="true" duration-ms="929" started-at="2023-04-26T08:38:54 IST" finished-at="2023-04-26T08:38:55 IST">
          <params>
            <param index="0">
              <value>
                <![CDATA[[TestResult name=managePaymentresetButtonverify status=FAILURE method=ManagePaymentTest.managePaymentresetButtonverify()[pri:0, instance:com.obsqura.Testscripts.ManagePaymentTest@477b4cdf] output={null}]]]>
              </value>
            </param>
          </params>
          <reporter-output>
          </reporter-output>
        </test-method> <!-- browserQuit -->
      </class> <!-- com.obsqura.Testscripts.ManagePaymentTest -->
      <class name="com.obsqura.Testscripts.PushNotificationTest">
        <test-method status="PASS" signature="initilizeBrowser(java.lang.String)[pri:0, instance:com.obsqura.Testscripts.PushNotificationTest@77c2494c]" name="initilizeBrowser" is-config="true" duration-ms="4261" started-at="2023-04-26T08:38:55 IST" finished-at="2023-04-26T08:39:00 IST">
          <params>
            <param index="0">
              <value>
                <![CDATA[chrome]]>
              </value>
            </param>
          </params>
          <reporter-output>
          </reporter-output>
        </test-method> <!-- initilizeBrowser -->
        <test-method status="SKIP" signature="addPushNotificationadded()[pri:0, instance:com.obsqura.Testscripts.PushNotificationTest@77c2494c]" name="addPushNotificationadded" duration-ms="2" retried="true" started-at="2023-04-26T08:39:00 IST" finished-at="2023-04-26T08:39:00 IST">
          <exception class="org.apache.poi.EmptyFileException">
            <message>
              <![CDATA[The supplied file was empty (zero bytes long)]]>
            </message>
            <full-stacktrace>
              <![CDATA[org.apache.poi.EmptyFileException: The supplied file was empty (zero bytes long)
at org.apache.poi.util.IOUtils.peekFirstNBytes(IOUtils.java:144)
at org.apache.poi.poifs.filesystem.FileMagic.valueOf(FileMagic.java:209)
at org.apache.poi.openxml4j.opc.internal.ZipHelper.verifyZipHeader(ZipHelper.java:143)
at org.apache.poi.openxml4j.opc.internal.ZipHelper.openZipStream(ZipHelper.java:175)
at org.apache.poi.openxml4j.opc.ZipPackage.<init>(ZipPackage.java:130)
at org.apache.poi.openxml4j.opc.OPCPackage.open(OPCPackage.java:312)
at org.apache.poi.ooxml.util.PackageHelper.open(PackageHelper.java:59)
at org.apache.poi.xssf.usermodel.XSSFWorkbook.<init>(XSSFWorkbook.java:289)
at org.apache.poi.xssf.usermodel.XSSFWorkbook.<init>(XSSFWorkbook.java:285)
at utilities.ExcelUtility.getString(ExcelUtility.java:65)
at com.obsqura.Testscripts.PushNotificationTest.addPushNotificationadded(PushNotificationTest.java:24)
at sun.reflect.NativeMethodAccessorImpl.invoke0(Native Method)
at sun.reflect.NativeMethodAccessorImpl.invoke(NativeMethodAccessorImpl.java:62)
at sun.reflect.DelegatingMethodAccessorImpl.invoke(DelegatingMethodAccessorImpl.java:43)
at java.lang.reflect.Method.invoke(Method.java:498)
at org.testng.internal.MethodInvocationHelper.invokeMethod(MethodInvocationHelper.java:133)
at org.testng.internal.TestInvoker.invokeMethod(TestInvoker.java:598)
at org.testng.internal.TestInvoker.invokeTestMethod(TestInvoker.java:173)
at org.testng.internal.MethodRunner.runInSequence(MethodRunner.java:46)
at org.testng.internal.TestInvoker$MethodInvocationAgent.invoke(TestInvoker.java:824)
at org.testng.internal.TestInvoker.invokeTestMethods(TestInvoker.java:146)
at org.testng.internal.TestMethodWorker.invokeTestMethods(TestMethodWorker.java:146)
at org.testng.internal.TestMethodWorker.run(TestMethodWorker.java:128)
at java.util.ArrayList.forEach(ArrayList.java:1257)
at org.testng.TestRunner.privateRun(TestRunner.java:794)
at org.testng.TestRunner.run(TestRunner.java:596)
at org.testng.SuiteRunner.runTest(SuiteRunner.java:377)
at org.testng.SuiteRunner.runSequentially(SuiteRunner.java:371)
at org.testng.SuiteRunner.privateRun(SuiteRunner.java:332)
at org.testng.SuiteRunner.run(SuiteRunner.java:276)
at org.testng.SuiteRunnerWorker.runSuite(SuiteRunnerWorker.java:53)
at org.testng.SuiteRunnerWorker.run(SuiteRunnerWorker.java:96)
at org.testng.TestNG.runSuitesSequentially(TestNG.java:1212)
at org.testng.TestNG.runSuitesLocally(TestNG.java:1134)
at org.testng.TestNG.runSuites(TestNG.java:1063)
at org.testng.TestNG.run(TestNG.java:1031)
at org.testng.remote.AbstractRemoteTestNG.run(AbstractRemoteTestNG.java:115)
at org.testng.remote.RemoteTestNG.initAndRun(RemoteTestNG.java:251)
at org.testng.remote.RemoteTestNG.main(RemoteTestNG.java:77)
]]>
            </full-stacktrace>
          </exception> <!-- org.apache.poi.EmptyFileException -->
          <reporter-output>
          </reporter-output>
        </test-method> <!-- addPushNotificationadded -->
        <test-method status="PASS" signature="browserQuit(org.testng.ITestResult)[pri:0, instance:com.obsqura.Testscripts.PushNotificationTest@77c2494c]" name="browserQuit" is-config="true" duration-ms="927" started-at="2023-04-26T08:39:00 IST" finished-at="2023-04-26T08:39:01 IST">
          <params>
            <param index="0">
              <value>
                <![CDATA[[TestResult name=addPushNotificationadded status=SKIP method=PushNotificationTest.addPushNotificationadded()[pri:0, instance:com.obsqura.Testscripts.PushNotificationTest@77c2494c] output={null}]]]>
              </value>
            </param>
          </params>
          <reporter-output>
          </reporter-output>
        </test-method> <!-- browserQuit -->
        <test-method status="PASS" signature="initilizeBrowser(java.lang.String)[pri:0, instance:com.obsqura.Testscripts.PushNotificationTest@77c2494c]" name="initilizeBrowser" is-config="true" duration-ms="3761" started-at="2023-04-26T08:39:01 IST" finished-at="2023-04-26T08:39:04 IST">
          <params>
            <param index="0">
              <value>
                <![CDATA[chrome]]>
              </value>
            </param>
          </params>
          <reporter-output>
          </reporter-output>
        </test-method> <!-- initilizeBrowser -->
        <test-method status="FAIL" signature="addPushNotificationadded()[pri:0, instance:com.obsqura.Testscripts.PushNotificationTest@77c2494c]" name="addPushNotificationadded" duration-ms="2" started-at="2023-04-26T08:39:04 IST" finished-at="2023-04-26T08:39:04 IST">
          <exception class="org.apache.poi.EmptyFileException">
            <message>
              <![CDATA[The supplied file was empty (zero bytes long)]]>
            </message>
            <full-stacktrace>
              <![CDATA[org.apache.poi.EmptyFileException: The supplied file was empty (zero bytes long)
at org.apache.poi.util.IOUtils.peekFirstNBytes(IOUtils.java:144)
at org.apache.poi.poifs.filesystem.FileMagic.valueOf(FileMagic.java:209)
at org.apache.poi.openxml4j.opc.internal.ZipHelper.verifyZipHeader(ZipHelper.java:143)
at org.apache.poi.openxml4j.opc.internal.ZipHelper.openZipStream(ZipHelper.java:175)
at org.apache.poi.openxml4j.opc.ZipPackage.<init>(ZipPackage.java:130)
at org.apache.poi.openxml4j.opc.OPCPackage.open(OPCPackage.java:312)
at org.apache.poi.ooxml.util.PackageHelper.open(PackageHelper.java:59)
at org.apache.poi.xssf.usermodel.XSSFWorkbook.<init>(XSSFWorkbook.java:289)
at org.apache.poi.xssf.usermodel.XSSFWorkbook.<init>(XSSFWorkbook.java:285)
at utilities.ExcelUtility.getString(ExcelUtility.java:65)
at com.obsqura.Testscripts.PushNotificationTest.addPushNotificationadded(PushNotificationTest.java:24)
at sun.reflect.NativeMethodAccessorImpl.invoke0(Native Method)
at sun.reflect.NativeMethodAccessorImpl.invoke(NativeMethodAccessorImpl.java:62)
at sun.reflect.DelegatingMethodAccessorImpl.invoke(DelegatingMethodAccessorImpl.java:43)
at java.lang.reflect.Method.invoke(Method.java:498)
at org.testng.internal.MethodInvocationHelper.invokeMethod(MethodInvocationHelper.java:133)
at org.testng.internal.TestInvoker.invokeMethod(TestInvoker.java:598)
at org.testng.internal.TestInvoker.retryFailed(TestInvoker.java:213)
at org.testng.internal.MethodRunner.runInSequence(MethodRunner.java:58)
at org.testng.internal.TestInvoker$MethodInvocationAgent.invoke(TestInvoker.java:824)
at org.testng.internal.TestInvoker.invokeTestMethods(TestInvoker.java:146)
at org.testng.internal.TestMethodWorker.invokeTestMethods(TestMethodWorker.java:146)
at org.testng.internal.TestMethodWorker.run(TestMethodWorker.java:128)
at java.util.ArrayList.forEach(ArrayList.java:1257)
at org.testng.TestRunner.privateRun(TestRunner.java:794)
at org.testng.TestRunner.run(TestRunner.java:596)
at org.testng.SuiteRunner.runTest(SuiteRunner.java:377)
at org.testng.SuiteRunner.runSequentially(SuiteRunner.java:371)
at org.testng.SuiteRunner.privateRun(SuiteRunner.java:332)
at org.testng.SuiteRunner.run(SuiteRunner.java:276)
at org.testng.SuiteRunnerWorker.runSuite(SuiteRunnerWorker.java:53)
at org.testng.SuiteRunnerWorker.run(SuiteRunnerWorker.java:96)
at org.testng.TestNG.runSuitesSequentially(TestNG.java:1212)
at org.testng.TestNG.runSuitesLocally(TestNG.java:1134)
at org.testng.TestNG.runSuites(TestNG.java:1063)
at org.testng.TestNG.run(TestNG.java:1031)
at org.testng.remote.AbstractRemoteTestNG.run(AbstractRemoteTestNG.java:115)
at org.testng.remote.RemoteTestNG.initAndRun(RemoteTestNG.java:251)
at org.testng.remote.RemoteTestNG.main(RemoteTestNG.java:77)
]]>
            </full-stacktrace>
          </exception> <!-- org.apache.poi.EmptyFileException -->
          <reporter-output>
          </reporter-output>
        </test-method> <!-- addPushNotificationadded -->
        <test-method status="PASS" signature="browserQuit(org.testng.ITestResult)[pri:0, instance:com.obsqura.Testscripts.PushNotificationTest@77c2494c]" name="browserQuit" is-config="true" duration-ms="948" started-at="2023-04-26T08:39:04 IST" finished-at="2023-04-26T08:39:05 IST">
          <params>
            <param index="0">
              <value>
                <![CDATA[[TestResult name=addPushNotificationadded status=FAILURE method=PushNotificationTest.addPushNotificationadded()[pri:0, instance:com.obsqura.Testscripts.PushNotificationTest@77c2494c] output={null}]]]>
              </value>
            </param>
          </params>
          <reporter-output>
          </reporter-output>
        </test-method> <!-- browserQuit -->
      </class> <!-- com.obsqura.Testscripts.PushNotificationTest -->
    </test> <!-- Test -->
  </suite> <!-- Suite -->
</testng-results>
